0 [main] ERROR com.documentum.fc.common.impl.logging.LoggingConfigurator  - Problem locating log4j configuration
1 [main] WARN com.documentum.fc.common.impl.logging.LoggingConfigurator  - Using default log4j configuration
3 [main] ERROR com.documentum.fc.common.impl.preferences.PreferencesManager  - [DFC_PREFERENCE_LOAD_FAILED] Failed to load persistent preferences from null
java.io.FileNotFoundException: dfc.properties
	at com.documentum.fc.common.impl.preferences.PreferencesManager.locateMainPersistentStore(PreferencesManager.java:378)
	at com.documentum.fc.common.impl.preferences.PreferencesManager.readPersistentProperties(PreferencesManager.java:329)
	at com.documentum.fc.common.impl.preferences.PreferencesManager.<init>(PreferencesManager.java:37)
	at com.documentum.fc.common.DfPreferences.initialize(DfPreferences.java:64)
	at com.documentum.fc.common.DfPreferences.getInstance(DfPreferences.java:43)
	at com.documentum.fc.client.DfSimpleDbor.getDefaultDbor(DfSimpleDbor.java:78)
	at com.documentum.fc.client.DfSimpleDbor.<init>(DfSimpleDbor.java:66)
	at com.documentum.fc.client.DfClient$ClientImpl.<init>(DfClient.java:350)
	at com.documentum.fc.client.DfClient.<clinit>(DfClient.java:766)
	at com.documentum.com.DfClientX.getLocalClient(DfClientX.java:43)
	at com.emc.documentum.springdata.core.DSTemplate.main(DSTemplate.java:18)
2125 [main] ERROR com.documentum.fc.client.security.impl.IdentityManager  - [DFC_SECURITY_IDENTITY_INIT] no identity initialization or incomplete identity initialization
DfException:: THREAD: main; MSG: ; ERRORCODE: ff; NEXT: null
	at com.documentum.fc.client.security.impl.JKSKeystoreUtil.creteNewKeystoreFile(JKSKeystoreUtil.java:425)
	at com.documentum.fc.client.security.impl.JKSKeystoreUtil.createNewKeystore(JKSKeystoreUtil.java:209)
	at com.documentum.fc.client.security.impl.DfcIdentityKeystore.applyDfcInitPolicy(DfcIdentityKeystore.java:95)
	at com.documentum.fc.client.security.impl.DfcIdentityKeystore.<init>(DfcIdentityKeystore.java:44)
	at com.documentum.fc.client.security.impl.InitializeKeystoreForDfc.init(InitializeKeystoreForDfc.java:129)
	at com.documentum.fc.client.security.impl.InitializeKeystoreForDfc.execute(InitializeKeystoreForDfc.java:54)
	at com.documentum.fc.client.security.internal.KeystoreMgr.initForDfcWithDefaultPolicy(KeystoreMgr.java:71)
	at com.documentum.fc.client.security.impl.IdentityManager.initFromKeystore(IdentityManager.java:139)
	at com.documentum.fc.client.security.impl.IdentityManager.<init>(IdentityManager.java:41)
	at com.documentum.fc.impl.RuntimeContext.<init>(RuntimeContext.java:52)
	at com.documentum.fc.impl.RuntimeContext.<clinit>(RuntimeContext.java:185)
	at com.documentum.fc.client.DfClient.<clinit>(DfClient.java:772)
	at com.documentum.com.DfClientX.getLocalClient(DfClientX.java:43)
	at com.emc.documentum.springdata.core.DSTemplate.main(DSTemplate.java:18)
Caused by: java.io.IOException: Access is denied
	at java.io.WinNTFileSystem.createFileExclusively(Native Method)
	at java.io.File.createNewFile(Unknown Source)
	at com.documentum.fc.client.security.impl.JKSKeystoreUtil.creteNewKeystoreFile(JKSKeystoreUtil.java:412)
	... 13 more
2158 [main] WARN com.documentum.fc.client.security.internal.RegistrationMgr  - [DFC_SECURITY_GR_PUBLICATION_FAILED] Publication of DFC instance with global registry failed
DfException:: THREAD: main; MSG: [DFC_BOF_GLOBAL_REGISTRY_NOT_CONFIGURED] A global registry is not configured; ERRORCODE: ff; NEXT: null
	at com.documentum.fc.client.security.impl.DfcIdentityPublisher.<init>(DfcIdentityPublisher.java:51)
	at com.documentum.fc.client.security.internal.RegistrationMgr.register(RegistrationMgr.java:34)
	at com.documentum.fc.impl.RuntimeContext.<clinit>(RuntimeContext.java:195)
	at com.documentum.fc.client.DfClient.<clinit>(DfClient.java:772)
	at com.documentum.com.DfClientX.getLocalClient(DfClientX.java:43)
	at com.emc.documentum.springdata.core.DSTemplate.main(DSTemplate.java:18)
0 [main] ERROR com.documentum.fc.common.impl.logging.LoggingConfigurator  - Problem locating log4j configuration
1 [main] WARN com.documentum.fc.common.impl.logging.LoggingConfigurator  - Using default log4j configuration
3 [main] ERROR com.documentum.fc.common.impl.preferences.PreferencesManager  - [DFC_PREFERENCE_LOAD_FAILED] Failed to load persistent preferences from null
java.io.FileNotFoundException: dfc.properties
	at com.documentum.fc.common.impl.preferences.PreferencesManager.locateMainPersistentStore(PreferencesManager.java:378)
	at com.documentum.fc.common.impl.preferences.PreferencesManager.readPersistentProperties(PreferencesManager.java:329)
	at com.documentum.fc.common.impl.preferences.PreferencesManager.<init>(PreferencesManager.java:37)
	at com.documentum.fc.common.DfPreferences.initialize(DfPreferences.java:64)
	at com.documentum.fc.common.DfPreferences.getInstance(DfPreferences.java:43)
	at com.documentum.fc.client.DfSimpleDbor.getDefaultDbor(DfSimpleDbor.java:78)
	at com.documentum.fc.client.DfSimpleDbor.<init>(DfSimpleDbor.java:66)
	at com.documentum.fc.client.DfClient$ClientImpl.<init>(DfClient.java:350)
	at com.documentum.fc.client.DfClient.<clinit>(DfClient.java:766)
	at com.documentum.com.DfClientX.getLocalClient(DfClientX.java:43)
	at com.emc.documentum.springdata.core.DSTemplate.main(DSTemplate.java:19)
1940 [main] ERROR com.documentum.fc.client.security.impl.IdentityManager  - [DFC_SECURITY_IDENTITY_INIT] no identity initialization or incomplete identity initialization
DfException:: THREAD: main; MSG: ; ERRORCODE: ff; NEXT: null
	at com.documentum.fc.client.security.impl.JKSKeystoreUtil.creteNewKeystoreFile(JKSKeystoreUtil.java:425)
	at com.documentum.fc.client.security.impl.JKSKeystoreUtil.createNewKeystore(JKSKeystoreUtil.java:209)
	at com.documentum.fc.client.security.impl.DfcIdentityKeystore.applyDfcInitPolicy(DfcIdentityKeystore.java:95)
	at com.documentum.fc.client.security.impl.DfcIdentityKeystore.<init>(DfcIdentityKeystore.java:44)
	at com.documentum.fc.client.security.impl.InitializeKeystoreForDfc.init(InitializeKeystoreForDfc.java:129)
	at com.documentum.fc.client.security.impl.InitializeKeystoreForDfc.execute(InitializeKeystoreForDfc.java:54)
	at com.documentum.fc.client.security.internal.KeystoreMgr.initForDfcWithDefaultPolicy(KeystoreMgr.java:71)
	at com.documentum.fc.client.security.impl.IdentityManager.initFromKeystore(IdentityManager.java:139)
	at com.documentum.fc.client.security.impl.IdentityManager.<init>(IdentityManager.java:41)
	at com.documentum.fc.impl.RuntimeContext.<init>(RuntimeContext.java:52)
	at com.documentum.fc.impl.RuntimeContext.<clinit>(RuntimeContext.java:185)
	at com.documentum.fc.client.DfClient.<clinit>(DfClient.java:772)
	at com.documentum.com.DfClientX.getLocalClient(DfClientX.java:43)
	at com.emc.documentum.springdata.core.DSTemplate.main(DSTemplate.java:19)
Caused by: java.io.IOException: Access is denied
	at java.io.WinNTFileSystem.createFileExclusively(Native Method)
	at java.io.File.createNewFile(Unknown Source)
	at com.documentum.fc.client.security.impl.JKSKeystoreUtil.creteNewKeystoreFile(JKSKeystoreUtil.java:412)
	... 13 more
1968 [main] WARN com.documentum.fc.client.security.internal.RegistrationMgr  - [DFC_SECURITY_GR_PUBLICATION_FAILED] Publication of DFC instance with global registry failed
DfException:: THREAD: main; MSG: [DFC_BOF_GLOBAL_REGISTRY_NOT_CONFIGURED] A global registry is not configured; ERRORCODE: ff; NEXT: null
	at com.documentum.fc.client.security.impl.DfcIdentityPublisher.<init>(DfcIdentityPublisher.java:51)
	at com.documentum.fc.client.security.internal.RegistrationMgr.register(RegistrationMgr.java:34)
	at com.documentum.fc.impl.RuntimeContext.<clinit>(RuntimeContext.java:195)
	at com.documentum.fc.client.DfClient.<clinit>(DfClient.java:772)
	at com.documentum.com.DfClientX.getLocalClient(DfClientX.java:43)
	at com.emc.documentum.springdata.core.DSTemplate.main(DSTemplate.java:19)
2387 [main] ERROR com.documentum.fc.client.security.impl.IdentityManager  - [DFC_SECURITY_IDENTITY_CREATION] failure on creation of identity: 'bad bundle'
DfException:: THREAD: main; MSG: [DFC_SECURITY_IDENTITY_BUNDLE_FAIL] could not create identity bundle because identity initialization failed; ERRORCODE: ff; NEXT: null
	at com.documentum.fc.client.security.impl.IdentityManager.createIdentityBundle(IdentityManager.java:188)
	at com.documentum.fc.client.security.impl.IdentityManager.getIdentityBundle(IdentityManager.java:51)
	at com.documentum.fc.client.impl.connection.docbase.DocbaseConnection.authenticate(DocbaseConnection.java:412)
	at com.documentum.fc.client.impl.connection.docbase.DocbaseConnection.open(DocbaseConnection.java:130)
	at com.documentum.fc.client.impl.connection.docbase.DocbaseConnection.<init>(DocbaseConnection.java:99)
	at com.documentum.fc.client.impl.connection.docbase.DocbaseConnection.<init>(DocbaseConnection.java:59)
	at com.documentum.fc.client.impl.connection.docbase.DocbaseConnectionFactory.newDocbaseConnection(DocbaseConnectionFactory.java:26)
	at com.documentum.fc.client.impl.connection.docbase.DocbaseConnectionManager.createNewConnection(DocbaseConnectionManager.java:180)
	at com.documentum.fc.client.impl.connection.docbase.DocbaseConnectionManager.getDocbaseConnection(DocbaseConnectionManager.java:110)
	at com.documentum.fc.client.impl.session.SessionFactory.newSession(SessionFactory.java:23)
	at com.documentum.fc.client.impl.session.PrincipalAwareSessionFactory.newSession(PrincipalAwareSessionFactory.java:44)
	at com.documentum.fc.client.impl.session.PooledSessionFactory.newSession(PooledSessionFactory.java:49)
	at com.documentum.fc.client.impl.session.SessionManager.getSessionFromFactory(SessionManager.java:134)
	at com.documentum.fc.client.impl.session.SessionManager.newSession(SessionManager.java:72)
	at com.documentum.fc.client.impl.session.SessionManager.getSession(SessionManager.java:191)
	at com.emc.documentum.springdata.core.DSTemplate.main(DSTemplate.java:32)
0 [main] ERROR com.documentum.fc.common.impl.logging.LoggingConfigurator  - Problem locating log4j configuration
1 [main] WARN com.documentum.fc.common.impl.logging.LoggingConfigurator  - Using default log4j configuration
3 [main] ERROR com.documentum.fc.common.impl.preferences.PreferencesManager  - [DFC_PREFERENCE_LOAD_FAILED] Failed to load persistent preferences from null
java.io.FileNotFoundException: dfc.properties
	at com.documentum.fc.common.impl.preferences.PreferencesManager.locateMainPersistentStore(PreferencesManager.java:378)
	at com.documentum.fc.common.impl.preferences.PreferencesManager.readPersistentProperties(PreferencesManager.java:329)
	at com.documentum.fc.common.impl.preferences.PreferencesManager.<init>(PreferencesManager.java:37)
	at com.documentum.fc.common.DfPreferences.initialize(DfPreferences.java:64)
	at com.documentum.fc.common.DfPreferences.getInstance(DfPreferences.java:43)
	at com.documentum.fc.client.DfSimpleDbor.getDefaultDbor(DfSimpleDbor.java:78)
	at com.documentum.fc.client.DfSimpleDbor.<init>(DfSimpleDbor.java:66)
	at com.documentum.fc.client.DfClient$ClientImpl.<init>(DfClient.java:350)
	at com.documentum.fc.client.DfClient.<clinit>(DfClient.java:766)
	at com.documentum.com.DfClientX.getLocalClient(DfClientX.java:43)
	at com.emc.documentum.springdata.core.DSTemplate.main(DSTemplate.java:19)
1892 [main] ERROR com.documentum.fc.client.security.impl.IdentityManager  - [DFC_SECURITY_IDENTITY_INIT] no identity initialization or incomplete identity initialization
DfException:: THREAD: main; MSG: ; ERRORCODE: ff; NEXT: null
	at com.documentum.fc.client.security.impl.JKSKeystoreUtil.creteNewKeystoreFile(JKSKeystoreUtil.java:425)
	at com.documentum.fc.client.security.impl.JKSKeystoreUtil.createNewKeystore(JKSKeystoreUtil.java:209)
	at com.documentum.fc.client.security.impl.DfcIdentityKeystore.applyDfcInitPolicy(DfcIdentityKeystore.java:95)
	at com.documentum.fc.client.security.impl.DfcIdentityKeystore.<init>(DfcIdentityKeystore.java:44)
	at com.documentum.fc.client.security.impl.InitializeKeystoreForDfc.init(InitializeKeystoreForDfc.java:129)
	at com.documentum.fc.client.security.impl.InitializeKeystoreForDfc.execute(InitializeKeystoreForDfc.java:54)
	at com.documentum.fc.client.security.internal.KeystoreMgr.initForDfcWithDefaultPolicy(KeystoreMgr.java:71)
	at com.documentum.fc.client.security.impl.IdentityManager.initFromKeystore(IdentityManager.java:139)
	at com.documentum.fc.client.security.impl.IdentityManager.<init>(IdentityManager.java:41)
	at com.documentum.fc.impl.RuntimeContext.<init>(RuntimeContext.java:52)
	at com.documentum.fc.impl.RuntimeContext.<clinit>(RuntimeContext.java:185)
	at com.documentum.fc.client.DfClient.<clinit>(DfClient.java:772)
	at com.documentum.com.DfClientX.getLocalClient(DfClientX.java:43)
	at com.emc.documentum.springdata.core.DSTemplate.main(DSTemplate.java:19)
Caused by: java.io.IOException: Access is denied
	at java.io.WinNTFileSystem.createFileExclusively(Native Method)
	at java.io.File.createNewFile(Unknown Source)
	at com.documentum.fc.client.security.impl.JKSKeystoreUtil.creteNewKeystoreFile(JKSKeystoreUtil.java:412)
	... 13 more
2197 [main] WARN com.documentum.fc.client.security.internal.RegistrationMgr  - [DFC_SECURITY_GR_PUBLICATION_FAILED] Publication of DFC instance with global registry failed
DfException:: THREAD: main; MSG: [DFC_BOF_GLOBAL_REGISTRY_NOT_CONFIGURED] A global registry is not configured; ERRORCODE: ff; NEXT: null
	at com.documentum.fc.client.security.impl.DfcIdentityPublisher.<init>(DfcIdentityPublisher.java:51)
	at com.documentum.fc.client.security.internal.RegistrationMgr.register(RegistrationMgr.java:34)
	at com.documentum.fc.impl.RuntimeContext.<clinit>(RuntimeContext.java:195)
	at com.documentum.fc.client.DfClient.<clinit>(DfClient.java:772)
	at com.documentum.com.DfClientX.getLocalClient(DfClientX.java:43)
	at com.emc.documentum.springdata.core.DSTemplate.main(DSTemplate.java:19)
2402 [main] ERROR com.documentum.fc.client.security.impl.IdentityManager  - [DFC_SECURITY_IDENTITY_CREATION] failure on creation of identity: 'bad bundle'
DfException:: THREAD: main; MSG: [DFC_SECURITY_IDENTITY_BUNDLE_FAIL] could not create identity bundle because identity initialization failed; ERRORCODE: ff; NEXT: null
	at com.documentum.fc.client.security.impl.IdentityManager.createIdentityBundle(IdentityManager.java:188)
	at com.documentum.fc.client.security.impl.IdentityManager.getIdentityBundle(IdentityManager.java:51)
	at com.documentum.fc.client.impl.connection.docbase.DocbaseConnection.authenticate(DocbaseConnection.java:412)
	at com.documentum.fc.client.impl.connection.docbase.DocbaseConnection.open(DocbaseConnection.java:130)
	at com.documentum.fc.client.impl.connection.docbase.DocbaseConnection.<init>(DocbaseConnection.java:99)
	at com.documentum.fc.client.impl.connection.docbase.DocbaseConnection.<init>(DocbaseConnection.java:59)
	at com.documentum.fc.client.impl.connection.docbase.DocbaseConnectionFactory.newDocbaseConnection(DocbaseConnectionFactory.java:26)
	at com.documentum.fc.client.impl.connection.docbase.DocbaseConnectionManager.createNewConnection(DocbaseConnectionManager.java:180)
	at com.documentum.fc.client.impl.connection.docbase.DocbaseConnectionManager.getDocbaseConnection(DocbaseConnectionManager.java:110)
	at com.documentum.fc.client.impl.session.SessionFactory.newSession(SessionFactory.java:23)
	at com.documentum.fc.client.impl.session.PrincipalAwareSessionFactory.newSession(PrincipalAwareSessionFactory.java:44)
	at com.documentum.fc.client.impl.session.PooledSessionFactory.newSession(PooledSessionFactory.java:49)
	at com.documentum.fc.client.impl.session.SessionManager.getSessionFromFactory(SessionManager.java:134)
	at com.documentum.fc.client.impl.session.SessionManager.newSession(SessionManager.java:72)
	at com.documentum.fc.client.impl.session.SessionManager.getSession(SessionManager.java:191)
	at com.emc.documentum.springdata.core.DSTemplate.main(DSTemplate.java:32)
0 [main] ERROR com.documentum.fc.common.impl.logging.LoggingConfigurator  - Problem locating log4j configuration
1 [main] WARN com.documentum.fc.common.impl.logging.LoggingConfigurator  - Using default log4j configuration
1277 [main] WARN com.documentum.fc.client.security.internal.RegistrationMgr  - [DFC_SECURITY_GR_PUBLICATION_FAILED] Publication of DFC instance with global registry failed
DfException:: THREAD: main; MSG: [DFC_BOF_GLOBAL_REGISTRY_NOT_CONFIGURED] A global registry is not configured; ERRORCODE: ff; NEXT: null
	at com.documentum.fc.client.security.impl.DfcIdentityPublisher.<init>(DfcIdentityPublisher.java:51)
	at com.documentum.fc.client.security.internal.RegistrationMgr.register(RegistrationMgr.java:34)
	at com.documentum.fc.impl.RuntimeContext.<clinit>(RuntimeContext.java:195)
	at com.documentum.fc.client.DfClient.<clinit>(DfClient.java:772)
	at com.documentum.com.DfClientX.getLocalClient(DfClientX.java:43)
	at com.emc.documentum.springdata.core.DSTemplate.main(DSTemplate.java:19)
0 [main] ERROR com.documentum.fc.common.impl.logging.LoggingConfigurator  - Problem locating log4j configuration
2 [main] WARN com.documentum.fc.common.impl.logging.LoggingConfigurator  - Using default log4j configuration
426 [main] WARN com.documentum.fc.client.security.internal.RegistrationMgr  - [DFC_SECURITY_GR_PUBLICATION_FAILED] Publication of DFC instance with global registry failed
DfException:: THREAD: main; MSG: [DFC_BOF_GLOBAL_REGISTRY_NOT_CONFIGURED] A global registry is not configured; ERRORCODE: ff; NEXT: null
	at com.documentum.fc.client.security.impl.DfcIdentityPublisher.<init>(DfcIdentityPublisher.java:51)
	at com.documentum.fc.client.security.internal.RegistrationMgr.register(RegistrationMgr.java:34)
	at com.documentum.fc.impl.RuntimeContext.<clinit>(RuntimeContext.java:195)
	at com.documentum.fc.client.DfClient.<clinit>(DfClient.java:772)
	at com.documentum.com.DfClientX.getLocalClient(DfClientX.java:43)
	at com.emc.documentum.springdata.core.DSTemplate.main(DSTemplate.java:19)
0 [main] ERROR com.documentum.fc.common.impl.logging.LoggingConfigurator  - Problem locating log4j configuration
2 [main] WARN com.documentum.fc.common.impl.logging.LoggingConfigurator  - Using default log4j configuration
446 [main] WARN com.documentum.fc.client.security.internal.RegistrationMgr  - [DFC_SECURITY_GR_PUBLICATION_FAILED] Publication of DFC instance with global registry failed
DfException:: THREAD: main; MSG: [DFC_BOF_GLOBAL_REGISTRY_NOT_CONFIGURED] A global registry is not configured; ERRORCODE: ff; NEXT: null
	at com.documentum.fc.client.security.impl.DfcIdentityPublisher.<init>(DfcIdentityPublisher.java:51)
	at com.documentum.fc.client.security.internal.RegistrationMgr.register(RegistrationMgr.java:34)
	at com.documentum.fc.impl.RuntimeContext.<clinit>(RuntimeContext.java:195)
	at com.documentum.fc.client.DfClient.<clinit>(DfClient.java:772)
	at com.documentum.com.DfClientX.getLocalClient(DfClientX.java:43)
	at com.emc.documentum.springdata.core.DSTemplate.main(DSTemplate.java:19)
0 [main] ERROR com.documentum.fc.common.impl.logging.LoggingConfigurator  - Problem locating log4j configuration
0 [main] WARN com.documentum.fc.common.impl.logging.LoggingConfigurator  - Using default log4j configuration
451 [main] WARN com.documentum.fc.client.security.internal.RegistrationMgr  - [DFC_SECURITY_GR_PUBLICATION_FAILED] Publication of DFC instance with global registry failed
DfException:: THREAD: main; MSG: [DFC_BOF_GLOBAL_REGISTRY_NOT_CONFIGURED] A global registry is not configured; ERRORCODE: ff; NEXT: null
	at com.documentum.fc.client.security.impl.DfcIdentityPublisher.<init>(DfcIdentityPublisher.java:51)
	at com.documentum.fc.client.security.internal.RegistrationMgr.register(RegistrationMgr.java:34)
	at com.documentum.fc.impl.RuntimeContext.<clinit>(RuntimeContext.java:195)
	at com.documentum.fc.client.DfClient.<clinit>(DfClient.java:772)
	at com.documentum.com.DfClientX.getLocalClient(DfClientX.java:43)
	at com.emc.documentum.springdata.core.DSTemplate.main(DSTemplate.java:19)
0 [main] ERROR com.documentum.fc.common.impl.logging.LoggingConfigurator  - Problem locating log4j configuration
0 [main] WARN com.documentum.fc.common.impl.logging.LoggingConfigurator  - Using default log4j configuration
446 [main] WARN com.documentum.fc.client.security.internal.RegistrationMgr  - [DFC_SECURITY_GR_PUBLICATION_FAILED] Publication of DFC instance with global registry failed
DfException:: THREAD: main; MSG: [DFC_BOF_GLOBAL_REGISTRY_NOT_CONFIGURED] A global registry is not configured; ERRORCODE: ff; NEXT: null
	at com.documentum.fc.client.security.impl.DfcIdentityPublisher.<init>(DfcIdentityPublisher.java:51)
	at com.documentum.fc.client.security.internal.RegistrationMgr.register(RegistrationMgr.java:34)
	at com.documentum.fc.impl.RuntimeContext.<clinit>(RuntimeContext.java:195)
	at com.documentum.fc.client.DfClient.<clinit>(DfClient.java:772)
	at com.documentum.com.DfClientX.getLocalClient(DfClientX.java:43)
	at com.emc.documentum.springdata.core.DSTemplate.main(DSTemplate.java:19)
0 [main] ERROR com.documentum.fc.common.impl.logging.LoggingConfigurator  - Problem locating log4j configuration
2 [main] WARN com.documentum.fc.common.impl.logging.LoggingConfigurator  - Using default log4j configuration
427 [main] WARN com.documentum.fc.client.security.internal.RegistrationMgr  - [DFC_SECURITY_GR_PUBLICATION_FAILED] Publication of DFC instance with global registry failed
DfException:: THREAD: main; MSG: [DFC_BOF_GLOBAL_REGISTRY_NOT_CONFIGURED] A global registry is not configured; ERRORCODE: ff; NEXT: null
	at com.documentum.fc.client.security.impl.DfcIdentityPublisher.<init>(DfcIdentityPublisher.java:51)
	at com.documentum.fc.client.security.internal.RegistrationMgr.register(RegistrationMgr.java:34)
	at com.documentum.fc.impl.RuntimeContext.<clinit>(RuntimeContext.java:195)
	at com.documentum.fc.client.DfClient.<clinit>(DfClient.java:772)
	at com.documentum.com.DfClientX.getLocalClient(DfClientX.java:43)
	at com.emc.documentum.springdata.core.DSTemplate.main(DSTemplate.java:19)
0 [main] ERROR com.documentum.fc.common.impl.logging.LoggingConfigurator  - Problem locating log4j configuration
1 [main] WARN com.documentum.fc.common.impl.logging.LoggingConfigurator  - Using default log4j configuration
1249 [main] WARN com.documentum.fc.client.security.internal.RegistrationMgr  - [DFC_SECURITY_GR_PUBLICATION_FAILED] Publication of DFC instance with global registry failed
DfException:: THREAD: main; MSG: [DFC_BOF_GLOBAL_REGISTRY_NOT_CONFIGURED] A global registry is not configured; ERRORCODE: ff; NEXT: null
	at com.documentum.fc.client.security.impl.DfcIdentityPublisher.<init>(DfcIdentityPublisher.java:51)
	at com.documentum.fc.client.security.internal.RegistrationMgr.register(RegistrationMgr.java:34)
	at com.documentum.fc.impl.RuntimeContext.<clinit>(RuntimeContext.java:195)
	at com.documentum.fc.client.DfClient.<clinit>(DfClient.java:772)
	at com.documentum.com.DfClientX.getLocalClient(DfClientX.java:43)
	at com.emc.documentum.springdata.core.Documentum.<init>(Documentum.java:43)
	at com.emc.documentum.springdata.core.Documentum.<init>(Documentum.java:22)
	at com.emc.documentum.springdata.core.Documentum.main(Documentum.java:84)
0 [main] ERROR com.documentum.fc.common.impl.logging.LoggingConfigurator  - Problem locating log4j configuration
2 [main] WARN com.documentum.fc.common.impl.logging.LoggingConfigurator  - Using default log4j configuration
405 [main] WARN com.documentum.fc.client.security.internal.RegistrationMgr  - [DFC_SECURITY_GR_PUBLICATION_FAILED] Publication of DFC instance with global registry failed
DfException:: THREAD: main; MSG: [DFC_BOF_GLOBAL_REGISTRY_NOT_CONFIGURED] A global registry is not configured; ERRORCODE: ff; NEXT: null
	at com.documentum.fc.client.security.impl.DfcIdentityPublisher.<init>(DfcIdentityPublisher.java:51)
	at com.documentum.fc.client.security.internal.RegistrationMgr.register(RegistrationMgr.java:34)
	at com.documentum.fc.impl.RuntimeContext.<clinit>(RuntimeContext.java:195)
	at com.documentum.fc.client.DfClient.<clinit>(DfClient.java:772)
	at com.documentum.com.DfClientX.getLocalClient(DfClientX.java:43)
	at com.emc.documentum.springdata.core.Documentum.<init>(Documentum.java:45)
	at com.emc.documentum.springdata.core.Documentum.<init>(Documentum.java:23)
	at com.emc.documentum.springdata.core.Documentum.main(Documentum.java:89)
0 [main] ERROR com.documentum.fc.common.impl.logging.LoggingConfigurator  - Problem locating log4j configuration
2 [main] WARN com.documentum.fc.common.impl.logging.LoggingConfigurator  - Using default log4j configuration
405 [main] WARN com.documentum.fc.client.security.internal.RegistrationMgr  - [DFC_SECURITY_GR_PUBLICATION_FAILED] Publication of DFC instance with global registry failed
DfException:: THREAD: main; MSG: [DFC_BOF_GLOBAL_REGISTRY_NOT_CONFIGURED] A global registry is not configured; ERRORCODE: ff; NEXT: null
	at com.documentum.fc.client.security.impl.DfcIdentityPublisher.<init>(DfcIdentityPublisher.java:51)
	at com.documentum.fc.client.security.internal.RegistrationMgr.register(RegistrationMgr.java:34)
	at com.documentum.fc.impl.RuntimeContext.<clinit>(RuntimeContext.java:195)
	at com.documentum.fc.client.DfClient.<clinit>(DfClient.java:772)
	at com.documentum.com.DfClientX.getLocalClient(DfClientX.java:43)
	at com.emc.documentum.springdata.core.Documentum.<init>(Documentum.java:47)
	at com.emc.documentum.springdata.core.Documentum.<init>(Documentum.java:26)
	at com.emc.documentum.springdata.core.Documentum.main(Documentum.java:97)
0 [main] ERROR com.documentum.fc.common.impl.logging.LoggingConfigurator  - Problem locating log4j configuration
2 [main] WARN com.documentum.fc.common.impl.logging.LoggingConfigurator  - Using default log4j configuration
428 [main] WARN com.documentum.fc.client.security.internal.RegistrationMgr  - [DFC_SECURITY_GR_PUBLICATION_FAILED] Publication of DFC instance with global registry failed
DfException:: THREAD: main; MSG: [DFC_BOF_GLOBAL_REGISTRY_NOT_CONFIGURED] A global registry is not configured; ERRORCODE: ff; NEXT: null
	at com.documentum.fc.client.security.impl.DfcIdentityPublisher.<init>(DfcIdentityPublisher.java:51)
	at com.documentum.fc.client.security.internal.RegistrationMgr.register(RegistrationMgr.java:34)
	at com.documentum.fc.impl.RuntimeContext.<clinit>(RuntimeContext.java:195)
	at com.documentum.fc.client.DfClient.<clinit>(DfClient.java:772)
	at com.documentum.com.DfClientX.getLocalClient(DfClientX.java:43)
	at com.emc.documentum.springdata.core.Documentum.<init>(Documentum.java:44)
	at com.emc.documentum.springdata.core.Documentum.<init>(Documentum.java:33)
	at com.emc.documentum.springdata.core.Documentum.main(Documentum.java:80)
0 [main] ERROR com.documentum.fc.common.impl.logging.LoggingConfigurator  - Problem locating log4j configuration
1 [main] WARN com.documentum.fc.common.impl.logging.LoggingConfigurator  - Using default log4j configuration
406 [main] WARN com.documentum.fc.client.security.internal.RegistrationMgr  - [DFC_SECURITY_GR_PUBLICATION_FAILED] Publication of DFC instance with global registry failed
DfException:: THREAD: main; MSG: [DFC_BOF_GLOBAL_REGISTRY_NOT_CONFIGURED] A global registry is not configured; ERRORCODE: ff; NEXT: null
	at com.documentum.fc.client.security.impl.DfcIdentityPublisher.<init>(DfcIdentityPublisher.java:51)
	at com.documentum.fc.client.security.internal.RegistrationMgr.register(RegistrationMgr.java:34)
	at com.documentum.fc.impl.RuntimeContext.<clinit>(RuntimeContext.java:195)
	at com.documentum.fc.client.DfClient.<clinit>(DfClient.java:772)
	at com.documentum.com.DfClientX.getLocalClient(DfClientX.java:43)
	at com.emc.documentum.springdata.core.Documentum.<init>(Documentum.java:44)
	at com.emc.documentum.springdata.core.Documentum.<init>(Documentum.java:33)
	at com.emc.documentum.springdata.core.Documentum.main(Documentum.java:80)
0 [main] ERROR com.documentum.fc.common.impl.logging.LoggingConfigurator  - Problem locating log4j configuration
2 [main] WARN com.documentum.fc.common.impl.logging.LoggingConfigurator  - Using default log4j configuration
402 [main] WARN com.documentum.fc.client.security.internal.RegistrationMgr  - [DFC_SECURITY_GR_PUBLICATION_FAILED] Publication of DFC instance with global registry failed
DfException:: THREAD: main; MSG: [DFC_BOF_GLOBAL_REGISTRY_NOT_CONFIGURED] A global registry is not configured; ERRORCODE: ff; NEXT: null
	at com.documentum.fc.client.security.impl.DfcIdentityPublisher.<init>(DfcIdentityPublisher.java:51)
	at com.documentum.fc.client.security.internal.RegistrationMgr.register(RegistrationMgr.java:34)
	at com.documentum.fc.impl.RuntimeContext.<clinit>(RuntimeContext.java:195)
	at com.documentum.fc.client.DfClient.<clinit>(DfClient.java:772)
	at com.documentum.com.DfClientX.getLocalClient(DfClientX.java:43)
	at com.emc.documentum.springdata.core.Documentum.<init>(Documentum.java:44)
	at com.emc.documentum.springdata.core.Documentum.<init>(Documentum.java:33)
	at com.emc.documentum.springdata.core.Documentum.main(Documentum.java:80)
0 [main] ERROR com.documentum.fc.common.impl.logging.LoggingConfigurator  - Problem locating log4j configuration
1 [main] WARN com.documentum.fc.common.impl.logging.LoggingConfigurator  - Using default log4j configuration
409 [main] WARN com.documentum.fc.client.security.internal.RegistrationMgr  - [DFC_SECURITY_GR_PUBLICATION_FAILED] Publication of DFC instance with global registry failed
DfException:: THREAD: main; MSG: [DFC_BOF_GLOBAL_REGISTRY_NOT_CONFIGURED] A global registry is not configured; ERRORCODE: ff; NEXT: null
	at com.documentum.fc.client.security.impl.DfcIdentityPublisher.<init>(DfcIdentityPublisher.java:51)
	at com.documentum.fc.client.security.internal.RegistrationMgr.register(RegistrationMgr.java:34)
	at com.documentum.fc.impl.RuntimeContext.<clinit>(RuntimeContext.java:195)
	at com.documentum.fc.client.DfClient.<clinit>(DfClient.java:772)
	at com.documentum.com.DfClientX.getLocalClient(DfClientX.java:43)
	at com.emc.documentum.springdata.core.Documentum.<init>(Documentum.java:44)
	at com.emc.documentum.springdata.core.Documentum.<init>(Documentum.java:33)
	at com.emc.documentum.springdata.core.DocumentumTest.testGetCredentials(DocumentumTest.java:16)
	at sun.reflect.NativeMethodAccessorImpl.invoke0(Native Method)
	at sun.reflect.NativeMethodAccessorImpl.invoke(Unknown Source)
	at sun.reflect.DelegatingMethodAccessorImpl.invoke(Unknown Source)
	at java.lang.reflect.Method.invoke(Unknown Source)
	at org.junit.runners.model.FrameworkMethod$1.runReflectiveCall(FrameworkMethod.java:47)
	at org.junit.internal.runners.model.ReflectiveCallable.run(ReflectiveCallable.java:12)
	at org.junit.runners.model.FrameworkMethod.invokeExplosively(FrameworkMethod.java:44)
	at org.junit.internal.runners.statements.InvokeMethod.evaluate(InvokeMethod.java:17)
	at org.junit.runners.ParentRunner.runLeaf(ParentRunner.java:271)
	at org.junit.runners.BlockJUnit4ClassRunner.runChild(BlockJUnit4ClassRunner.java:70)
	at org.junit.runners.BlockJUnit4ClassRunner.runChild(BlockJUnit4ClassRunner.java:50)
	at org.junit.runners.ParentRunner$3.run(ParentRunner.java:238)
	at org.junit.runners.ParentRunner$1.schedule(ParentRunner.java:63)
	at org.junit.runners.ParentRunner.runChildren(ParentRunner.java:236)
	at org.junit.runners.ParentRunner.access$000(ParentRunner.java:53)
	at org.junit.runners.ParentRunner$2.evaluate(ParentRunner.java:229)
	at org.junit.runners.ParentRunner.run(ParentRunner.java:309)
	at org.eclipse.jdt.internal.junit4.runner.JUnit4TestReference.run(JUnit4TestReference.java:50)
	at org.eclipse.jdt.internal.junit.runner.TestExecution.run(TestExecution.java:38)
	at org.eclipse.jdt.internal.junit.runner.RemoteTestRunner.runTests(RemoteTestRunner.java:459)
	at org.eclipse.jdt.internal.junit.runner.RemoteTestRunner.runTests(RemoteTestRunner.java:675)
	at org.eclipse.jdt.internal.junit.runner.RemoteTestRunner.run(RemoteTestRunner.java:382)
	at org.eclipse.jdt.internal.junit.runner.RemoteTestRunner.main(RemoteTestRunner.java:192)
0 [main] ERROR com.documentum.fc.common.impl.logging.LoggingConfigurator  - Problem locating log4j configuration
1 [main] WARN com.documentum.fc.common.impl.logging.LoggingConfigurator  - Using default log4j configuration
413 [main] WARN com.documentum.fc.client.security.internal.RegistrationMgr  - [DFC_SECURITY_GR_PUBLICATION_FAILED] Publication of DFC instance with global registry failed
DfException:: THREAD: main; MSG: [DFC_BOF_GLOBAL_REGISTRY_NOT_CONFIGURED] A global registry is not configured; ERRORCODE: ff; NEXT: null
	at com.documentum.fc.client.security.impl.DfcIdentityPublisher.<init>(DfcIdentityPublisher.java:51)
	at com.documentum.fc.client.security.internal.RegistrationMgr.register(RegistrationMgr.java:34)
	at com.documentum.fc.impl.RuntimeContext.<clinit>(RuntimeContext.java:195)
	at com.documentum.fc.client.DfClient.<clinit>(DfClient.java:772)
	at com.documentum.com.DfClientX.getLocalClient(DfClientX.java:43)
	at com.emc.documentum.springdata.core.Documentum.<init>(Documentum.java:44)
	at com.emc.documentum.springdata.core.Documentum.<init>(Documentum.java:33)
	at com.emc.documentum.springdata.core.Documentum.main(Documentum.java:80)
0 [main] ERROR com.documentum.fc.common.impl.logging.LoggingConfigurator  - Problem locating log4j configuration
1 [main] WARN com.documentum.fc.common.impl.logging.LoggingConfigurator  - Using default log4j configuration
417 [main] WARN com.documentum.fc.client.security.internal.RegistrationMgr  - [DFC_SECURITY_GR_PUBLICATION_FAILED] Publication of DFC instance with global registry failed
DfException:: THREAD: main; MSG: [DFC_BOF_GLOBAL_REGISTRY_NOT_CONFIGURED] A global registry is not configured; ERRORCODE: ff; NEXT: null
	at com.documentum.fc.client.security.impl.DfcIdentityPublisher.<init>(DfcIdentityPublisher.java:51)
	at com.documentum.fc.client.security.internal.RegistrationMgr.register(RegistrationMgr.java:34)
	at com.documentum.fc.impl.RuntimeContext.<clinit>(RuntimeContext.java:195)
	at com.documentum.fc.client.DfClient.<clinit>(DfClient.java:772)
	at com.documentum.com.DfClientX.getLocalClient(DfClientX.java:43)
	at com.emc.documentum.springdata.core.Documentum.<init>(Documentum.java:44)
	at com.emc.documentum.springdata.core.Documentum.<init>(Documentum.java:33)
	at com.emc.documentum.springdata.core.DocumentumTest.setUpBeforeClass(DocumentumTest.java:24)
	at sun.reflect.NativeMethodAccessorImpl.invoke0(Native Method)
	at sun.reflect.NativeMethodAccessorImpl.invoke(Unknown Source)
	at sun.reflect.DelegatingMethodAccessorImpl.invoke(Unknown Source)
	at java.lang.reflect.Method.invoke(Unknown Source)
	at org.junit.runners.model.FrameworkMethod$1.runReflectiveCall(FrameworkMethod.java:47)
	at org.junit.internal.runners.model.ReflectiveCallable.run(ReflectiveCallable.java:12)
	at org.junit.runners.model.FrameworkMethod.invokeExplosively(FrameworkMethod.java:44)
	at org.junit.internal.runners.statements.RunBefores.evaluate(RunBefores.java:24)
	at org.junit.internal.runners.statements.RunAfters.evaluate(RunAfters.java:27)
	at org.junit.runners.ParentRunner.run(ParentRunner.java:309)
	at org.eclipse.jdt.internal.junit4.runner.JUnit4TestReference.run(JUnit4TestReference.java:50)
	at org.eclipse.jdt.internal.junit.runner.TestExecution.run(TestExecution.java:38)
	at org.eclipse.jdt.internal.junit.runner.RemoteTestRunner.runTests(RemoteTestRunner.java:459)
	at org.eclipse.jdt.internal.junit.runner.RemoteTestRunner.runTests(RemoteTestRunner.java:675)
	at org.eclipse.jdt.internal.junit.runner.RemoteTestRunner.run(RemoteTestRunner.java:382)
	at org.eclipse.jdt.internal.junit.runner.RemoteTestRunner.main(RemoteTestRunner.java:192)
0 [main] ERROR com.documentum.fc.common.impl.logging.LoggingConfigurator  - Problem locating log4j configuration
1 [main] WARN com.documentum.fc.common.impl.logging.LoggingConfigurator  - Using default log4j configuration
408 [main] WARN com.documentum.fc.client.security.internal.RegistrationMgr  - [DFC_SECURITY_GR_PUBLICATION_FAILED] Publication of DFC instance with global registry failed
DfException:: THREAD: main; MSG: [DFC_BOF_GLOBAL_REGISTRY_NOT_CONFIGURED] A global registry is not configured; ERRORCODE: ff; NEXT: null
	at com.documentum.fc.client.security.impl.DfcIdentityPublisher.<init>(DfcIdentityPublisher.java:51)
	at com.documentum.fc.client.security.internal.RegistrationMgr.register(RegistrationMgr.java:34)
	at com.documentum.fc.impl.RuntimeContext.<clinit>(RuntimeContext.java:195)
	at com.documentum.fc.client.DfClient.<clinit>(DfClient.java:772)
	at com.documentum.com.DfClientX.getLocalClient(DfClientX.java:43)
	at com.emc.documentum.springdata.core.Documentum.<init>(Documentum.java:44)
	at com.emc.documentum.springdata.core.Documentum.<init>(Documentum.java:33)
	at com.emc.documentum.springdata.core.DocumentumTest.setUpBeforeClass(DocumentumTest.java:24)
	at sun.reflect.NativeMethodAccessorImpl.invoke0(Native Method)
	at sun.reflect.NativeMethodAccessorImpl.invoke(Unknown Source)
	at sun.reflect.DelegatingMethodAccessorImpl.invoke(Unknown Source)
	at java.lang.reflect.Method.invoke(Unknown Source)
	at org.junit.runners.model.FrameworkMethod$1.runReflectiveCall(FrameworkMethod.java:47)
	at org.junit.internal.runners.model.ReflectiveCallable.run(ReflectiveCallable.java:12)
	at org.junit.runners.model.FrameworkMethod.invokeExplosively(FrameworkMethod.java:44)
	at org.junit.internal.runners.statements.RunBefores.evaluate(RunBefores.java:24)
	at org.junit.internal.runners.statements.RunAfters.evaluate(RunAfters.java:27)
	at org.junit.runners.ParentRunner.run(ParentRunner.java:309)
	at org.eclipse.jdt.internal.junit4.runner.JUnit4TestReference.run(JUnit4TestReference.java:50)
	at org.eclipse.jdt.internal.junit.runner.TestExecution.run(TestExecution.java:38)
	at org.eclipse.jdt.internal.junit.runner.RemoteTestRunner.runTests(RemoteTestRunner.java:459)
	at org.eclipse.jdt.internal.junit.runner.RemoteTestRunner.runTests(RemoteTestRunner.java:675)
	at org.eclipse.jdt.internal.junit.runner.RemoteTestRunner.run(RemoteTestRunner.java:382)
	at org.eclipse.jdt.internal.junit.runner.RemoteTestRunner.main(RemoteTestRunner.java:192)
0 [main] ERROR com.documentum.fc.common.impl.logging.LoggingConfigurator  - Problem locating log4j configuration
1 [main] WARN com.documentum.fc.common.impl.logging.LoggingConfigurator  - Using default log4j configuration
388 [main] WARN com.documentum.fc.client.security.internal.RegistrationMgr  - [DFC_SECURITY_GR_PUBLICATION_FAILED] Publication of DFC instance with global registry failed
DfException:: THREAD: main; MSG: [DFC_BOF_GLOBAL_REGISTRY_NOT_CONFIGURED] A global registry is not configured; ERRORCODE: ff; NEXT: null
	at com.documentum.fc.client.security.impl.DfcIdentityPublisher.<init>(DfcIdentityPublisher.java:51)
	at com.documentum.fc.client.security.internal.RegistrationMgr.register(RegistrationMgr.java:34)
	at com.documentum.fc.impl.RuntimeContext.<clinit>(RuntimeContext.java:195)
	at com.documentum.fc.client.DfClient.<clinit>(DfClient.java:772)
	at com.documentum.com.DfClientX.getLocalClient(DfClientX.java:43)
	at com.emc.documentum.springdata.core.Documentum.<init>(Documentum.java:44)
	at com.emc.documentum.springdata.core.Documentum.<init>(Documentum.java:33)
	at com.emc.documentum.springdata.core.DocumentumTest.setUpBeforeClass(DocumentumTest.java:24)
	at sun.reflect.NativeMethodAccessorImpl.invoke0(Native Method)
	at sun.reflect.NativeMethodAccessorImpl.invoke(Unknown Source)
	at sun.reflect.DelegatingMethodAccessorImpl.invoke(Unknown Source)
	at java.lang.reflect.Method.invoke(Unknown Source)
	at org.junit.runners.model.FrameworkMethod$1.runReflectiveCall(FrameworkMethod.java:47)
	at org.junit.internal.runners.model.ReflectiveCallable.run(ReflectiveCallable.java:12)
	at org.junit.runners.model.FrameworkMethod.invokeExplosively(FrameworkMethod.java:44)
	at org.junit.internal.runners.statements.RunBefores.evaluate(RunBefores.java:24)
	at org.junit.internal.runners.statements.RunAfters.evaluate(RunAfters.java:27)
	at org.junit.runners.ParentRunner.run(ParentRunner.java:309)
	at org.eclipse.jdt.internal.junit4.runner.JUnit4TestReference.run(JUnit4TestReference.java:50)
	at org.eclipse.jdt.internal.junit.runner.TestExecution.run(TestExecution.java:38)
	at org.eclipse.jdt.internal.junit.runner.RemoteTestRunner.runTests(RemoteTestRunner.java:459)
	at org.eclipse.jdt.internal.junit.runner.RemoteTestRunner.runTests(RemoteTestRunner.java:675)
	at org.eclipse.jdt.internal.junit.runner.RemoteTestRunner.run(RemoteTestRunner.java:382)
	at org.eclipse.jdt.internal.junit.runner.RemoteTestRunner.main(RemoteTestRunner.java:192)
0 [main] ERROR com.documentum.fc.common.impl.logging.LoggingConfigurator  - Problem locating log4j configuration
2 [main] WARN com.documentum.fc.common.impl.logging.LoggingConfigurator  - Using default log4j configuration
412 [main] WARN com.documentum.fc.client.security.internal.RegistrationMgr  - [DFC_SECURITY_GR_PUBLICATION_FAILED] Publication of DFC instance with global registry failed
DfException:: THREAD: main; MSG: [DFC_BOF_GLOBAL_REGISTRY_NOT_CONFIGURED] A global registry is not configured; ERRORCODE: ff; NEXT: null
	at com.documentum.fc.client.security.impl.DfcIdentityPublisher.<init>(DfcIdentityPublisher.java:51)
	at com.documentum.fc.client.security.internal.RegistrationMgr.register(RegistrationMgr.java:34)
	at com.documentum.fc.impl.RuntimeContext.<clinit>(RuntimeContext.java:195)
	at com.documentum.fc.client.DfClient.<clinit>(DfClient.java:772)
	at com.documentum.com.DfClientX.getLocalClient(DfClientX.java:43)
	at com.emc.documentum.springdata.core.Documentum.<init>(Documentum.java:44)
	at com.emc.documentum.springdata.core.Documentum.<init>(Documentum.java:33)
	at com.emc.documentum.springdata.core.DocumentumTest.setUpBeforeClass(DocumentumTest.java:24)
	at sun.reflect.NativeMethodAccessorImpl.invoke0(Native Method)
	at sun.reflect.NativeMethodAccessorImpl.invoke(Unknown Source)
	at sun.reflect.DelegatingMethodAccessorImpl.invoke(Unknown Source)
	at java.lang.reflect.Method.invoke(Unknown Source)
	at org.junit.runners.model.FrameworkMethod$1.runReflectiveCall(FrameworkMethod.java:47)
	at org.junit.internal.runners.model.ReflectiveCallable.run(ReflectiveCallable.java:12)
	at org.junit.runners.model.FrameworkMethod.invokeExplosively(FrameworkMethod.java:44)
	at org.junit.internal.runners.statements.RunBefores.evaluate(RunBefores.java:24)
	at org.junit.internal.runners.statements.RunAfters.evaluate(RunAfters.java:27)
	at org.junit.runners.ParentRunner.run(ParentRunner.java:309)
	at org.eclipse.jdt.internal.junit4.runner.JUnit4TestReference.run(JUnit4TestReference.java:50)
	at org.eclipse.jdt.internal.junit.runner.TestExecution.run(TestExecution.java:38)
	at org.eclipse.jdt.internal.junit.runner.RemoteTestRunner.runTests(RemoteTestRunner.java:459)
	at org.eclipse.jdt.internal.junit.runner.RemoteTestRunner.runTests(RemoteTestRunner.java:675)
	at org.eclipse.jdt.internal.junit.runner.RemoteTestRunner.run(RemoteTestRunner.java:382)
	at org.eclipse.jdt.internal.junit.runner.RemoteTestRunner.main(RemoteTestRunner.java:192)
0 [main] ERROR com.documentum.fc.common.impl.logging.LoggingConfigurator  - Problem locating log4j configuration
2 [main] WARN com.documentum.fc.common.impl.logging.LoggingConfigurator  - Using default log4j configuration
387 [main] WARN com.documentum.fc.client.security.internal.RegistrationMgr  - [DFC_SECURITY_GR_PUBLICATION_FAILED] Publication of DFC instance with global registry failed
DfException:: THREAD: main; MSG: [DFC_BOF_GLOBAL_REGISTRY_NOT_CONFIGURED] A global registry is not configured; ERRORCODE: ff; NEXT: null
	at com.documentum.fc.client.security.impl.DfcIdentityPublisher.<init>(DfcIdentityPublisher.java:51)
	at com.documentum.fc.client.security.internal.RegistrationMgr.register(RegistrationMgr.java:34)
	at com.documentum.fc.impl.RuntimeContext.<clinit>(RuntimeContext.java:195)
	at com.documentum.fc.client.DfClient.<clinit>(DfClient.java:772)
	at com.documentum.com.DfClientX.getLocalClient(DfClientX.java:43)
	at com.emc.documentum.springdata.core.Documentum.<init>(Documentum.java:44)
	at com.emc.documentum.springdata.core.Documentum.<init>(Documentum.java:33)
	at com.emc.documentum.springdata.core.DocumentumTest.setUpBeforeClass(DocumentumTest.java:24)
	at sun.reflect.NativeMethodAccessorImpl.invoke0(Native Method)
	at sun.reflect.NativeMethodAccessorImpl.invoke(Unknown Source)
	at sun.reflect.DelegatingMethodAccessorImpl.invoke(Unknown Source)
	at java.lang.reflect.Method.invoke(Unknown Source)
	at org.junit.runners.model.FrameworkMethod$1.runReflectiveCall(FrameworkMethod.java:47)
	at org.junit.internal.runners.model.ReflectiveCallable.run(ReflectiveCallable.java:12)
	at org.junit.runners.model.FrameworkMethod.invokeExplosively(FrameworkMethod.java:44)
	at org.junit.internal.runners.statements.RunBefores.evaluate(RunBefores.java:24)
	at org.junit.internal.runners.statements.RunAfters.evaluate(RunAfters.java:27)
	at org.junit.runners.ParentRunner.run(ParentRunner.java:309)
	at org.eclipse.jdt.internal.junit4.runner.JUnit4TestReference.run(JUnit4TestReference.java:50)
	at org.eclipse.jdt.internal.junit.runner.TestExecution.run(TestExecution.java:38)
	at org.eclipse.jdt.internal.junit.runner.RemoteTestRunner.runTests(RemoteTestRunner.java:459)
	at org.eclipse.jdt.internal.junit.runner.RemoteTestRunner.runTests(RemoteTestRunner.java:675)
	at org.eclipse.jdt.internal.junit.runner.RemoteTestRunner.run(RemoteTestRunner.java:382)
	at org.eclipse.jdt.internal.junit.runner.RemoteTestRunner.main(RemoteTestRunner.java:192)
0 [main] ERROR com.documentum.fc.common.impl.logging.LoggingConfigurator  - Problem locating log4j configuration
1 [main] WARN com.documentum.fc.common.impl.logging.LoggingConfigurator  - Using default log4j configuration
422 [main] WARN com.documentum.fc.client.security.internal.RegistrationMgr  - [DFC_SECURITY_GR_PUBLICATION_FAILED] Publication of DFC instance with global registry failed
DfException:: THREAD: main; MSG: [DFC_BOF_GLOBAL_REGISTRY_NOT_CONFIGURED] A global registry is not configured; ERRORCODE: ff; NEXT: null
	at com.documentum.fc.client.security.impl.DfcIdentityPublisher.<init>(DfcIdentityPublisher.java:51)
	at com.documentum.fc.client.security.internal.RegistrationMgr.register(RegistrationMgr.java:34)
	at com.documentum.fc.impl.RuntimeContext.<clinit>(RuntimeContext.java:195)
	at com.documentum.fc.client.DfClient.<clinit>(DfClient.java:772)
	at com.documentum.com.DfClientX.getLocalClient(DfClientX.java:43)
	at com.emc.documentum.springdata.core.Documentum.<init>(Documentum.java:36)
	at com.emc.documentum.springdata.core.Documentum.<init>(Documentum.java:25)
	at com.emc.documentum.springdata.core.DocumentumTest.setUpBeforeClass(DocumentumTest.java:24)
	at sun.reflect.NativeMethodAccessorImpl.invoke0(Native Method)
	at sun.reflect.NativeMethodAccessorImpl.invoke(Unknown Source)
	at sun.reflect.DelegatingMethodAccessorImpl.invoke(Unknown Source)
	at java.lang.reflect.Method.invoke(Unknown Source)
	at org.junit.runners.model.FrameworkMethod$1.runReflectiveCall(FrameworkMethod.java:47)
	at org.junit.internal.runners.model.ReflectiveCallable.run(ReflectiveCallable.java:12)
	at org.junit.runners.model.FrameworkMethod.invokeExplosively(FrameworkMethod.java:44)
	at org.junit.internal.runners.statements.RunBefores.evaluate(RunBefores.java:24)
	at org.junit.internal.runners.statements.RunAfters.evaluate(RunAfters.java:27)
	at org.junit.runners.ParentRunner.run(ParentRunner.java:309)
	at org.eclipse.jdt.internal.junit4.runner.JUnit4TestReference.run(JUnit4TestReference.java:50)
	at org.eclipse.jdt.internal.junit.runner.TestExecution.run(TestExecution.java:38)
	at org.eclipse.jdt.internal.junit.runner.RemoteTestRunner.runTests(RemoteTestRunner.java:459)
	at org.eclipse.jdt.internal.junit.runner.RemoteTestRunner.runTests(RemoteTestRunner.java:675)
	at org.eclipse.jdt.internal.junit.runner.RemoteTestRunner.run(RemoteTestRunner.java:382)
	at org.eclipse.jdt.internal.junit.runner.RemoteTestRunner.main(RemoteTestRunner.java:192)
0 [main] ERROR com.documentum.fc.common.impl.logging.LoggingConfigurator  - Problem locating log4j configuration
1 [main] WARN com.documentum.fc.common.impl.logging.LoggingConfigurator  - Using default log4j configuration
390 [main] WARN com.documentum.fc.client.security.internal.RegistrationMgr  - [DFC_SECURITY_GR_PUBLICATION_FAILED] Publication of DFC instance with global registry failed
DfException:: THREAD: main; MSG: [DFC_BOF_GLOBAL_REGISTRY_NOT_CONFIGURED] A global registry is not configured; ERRORCODE: ff; NEXT: null
	at com.documentum.fc.client.security.impl.DfcIdentityPublisher.<init>(DfcIdentityPublisher.java:51)
	at com.documentum.fc.client.security.internal.RegistrationMgr.register(RegistrationMgr.java:34)
	at com.documentum.fc.impl.RuntimeContext.<clinit>(RuntimeContext.java:195)
	at com.documentum.fc.client.DfClient.<clinit>(DfClient.java:772)
	at com.documentum.com.DfClientX.getLocalClient(DfClientX.java:43)
	at com.emc.documentum.springdata.core.Documentum.<init>(Documentum.java:36)
	at com.emc.documentum.springdata.core.Documentum.<init>(Documentum.java:25)
	at com.emc.documentum.springdata.core.DocumentumTest.setUpBeforeClass(DocumentumTest.java:25)
	at sun.reflect.NativeMethodAccessorImpl.invoke0(Native Method)
	at sun.reflect.NativeMethodAccessorImpl.invoke(Unknown Source)
	at sun.reflect.DelegatingMethodAccessorImpl.invoke(Unknown Source)
	at java.lang.reflect.Method.invoke(Unknown Source)
	at org.junit.runners.model.FrameworkMethod$1.runReflectiveCall(FrameworkMethod.java:47)
	at org.junit.internal.runners.model.ReflectiveCallable.run(ReflectiveCallable.java:12)
	at org.junit.runners.model.FrameworkMethod.invokeExplosively(FrameworkMethod.java:44)
	at org.junit.internal.runners.statements.RunBefores.evaluate(RunBefores.java:24)
	at org.junit.internal.runners.statements.RunAfters.evaluate(RunAfters.java:27)
	at org.junit.runners.ParentRunner.run(ParentRunner.java:309)
	at org.eclipse.jdt.internal.junit4.runner.JUnit4TestReference.run(JUnit4TestReference.java:50)
	at org.eclipse.jdt.internal.junit.runner.TestExecution.run(TestExecution.java:38)
	at org.eclipse.jdt.internal.junit.runner.RemoteTestRunner.runTests(RemoteTestRunner.java:459)
	at org.eclipse.jdt.internal.junit.runner.RemoteTestRunner.runTests(RemoteTestRunner.java:675)
	at org.eclipse.jdt.internal.junit.runner.RemoteTestRunner.run(RemoteTestRunner.java:382)
	at org.eclipse.jdt.internal.junit.runner.RemoteTestRunner.main(RemoteTestRunner.java:192)
0 [main] ERROR com.documentum.fc.common.impl.logging.LoggingConfigurator  - Problem locating log4j configuration
1 [main] WARN com.documentum.fc.common.impl.logging.LoggingConfigurator  - Using default log4j configuration
381 [main] WARN com.documentum.fc.client.security.internal.RegistrationMgr  - [DFC_SECURITY_GR_PUBLICATION_FAILED] Publication of DFC instance with global registry failed
DfException:: THREAD: main; MSG: [DFC_BOF_GLOBAL_REGISTRY_NOT_CONFIGURED] A global registry is not configured; ERRORCODE: ff; NEXT: null
	at com.documentum.fc.client.security.impl.DfcIdentityPublisher.<init>(DfcIdentityPublisher.java:51)
	at com.documentum.fc.client.security.internal.RegistrationMgr.register(RegistrationMgr.java:34)
	at com.documentum.fc.impl.RuntimeContext.<clinit>(RuntimeContext.java:195)
	at com.documentum.fc.client.DfClient.<clinit>(DfClient.java:772)
	at com.documentum.com.DfClientX.getLocalClient(DfClientX.java:43)
	at com.emc.documentum.springdata.core.Documentum.<init>(Documentum.java:36)
	at com.emc.documentum.springdata.core.Documentum.<init>(Documentum.java:25)
	at com.emc.documentum.springdata.core.DocumentumTest.setUpBeforeClass(DocumentumTest.java:25)
	at sun.reflect.NativeMethodAccessorImpl.invoke0(Native Method)
	at sun.reflect.NativeMethodAccessorImpl.invoke(Unknown Source)
	at sun.reflect.DelegatingMethodAccessorImpl.invoke(Unknown Source)
	at java.lang.reflect.Method.invoke(Unknown Source)
	at org.junit.runners.model.FrameworkMethod$1.runReflectiveCall(FrameworkMethod.java:47)
	at org.junit.internal.runners.model.ReflectiveCallable.run(ReflectiveCallable.java:12)
	at org.junit.runners.model.FrameworkMethod.invokeExplosively(FrameworkMethod.java:44)
	at org.junit.internal.runners.statements.RunBefores.evaluate(RunBefores.java:24)
	at org.junit.internal.runners.statements.RunAfters.evaluate(RunAfters.java:27)
	at org.junit.runners.ParentRunner.run(ParentRunner.java:309)
	at org.eclipse.jdt.internal.junit4.runner.JUnit4TestReference.run(JUnit4TestReference.java:50)
	at org.eclipse.jdt.internal.junit.runner.TestExecution.run(TestExecution.java:38)
	at org.eclipse.jdt.internal.junit.runner.RemoteTestRunner.runTests(RemoteTestRunner.java:459)
	at org.eclipse.jdt.internal.junit.runner.RemoteTestRunner.runTests(RemoteTestRunner.java:675)
	at org.eclipse.jdt.internal.junit.runner.RemoteTestRunner.run(RemoteTestRunner.java:382)
	at org.eclipse.jdt.internal.junit.runner.RemoteTestRunner.main(RemoteTestRunner.java:192)
0 [main] ERROR com.documentum.fc.common.impl.logging.LoggingConfigurator  - Problem locating log4j configuration
1 [main] WARN com.documentum.fc.common.impl.logging.LoggingConfigurator  - Using default log4j configuration
401 [main] WARN com.documentum.fc.client.security.internal.RegistrationMgr  - [DFC_SECURITY_GR_PUBLICATION_FAILED] Publication of DFC instance with global registry failed
DfException:: THREAD: main; MSG: [DFC_BOF_GLOBAL_REGISTRY_NOT_CONFIGURED] A global registry is not configured; ERRORCODE: ff; NEXT: null
	at com.documentum.fc.client.security.impl.DfcIdentityPublisher.<init>(DfcIdentityPublisher.java:51)
	at com.documentum.fc.client.security.internal.RegistrationMgr.register(RegistrationMgr.java:34)
	at com.documentum.fc.impl.RuntimeContext.<clinit>(RuntimeContext.java:195)
	at com.documentum.fc.client.DfClient.<clinit>(DfClient.java:772)
	at com.documentum.com.DfClientX.getLocalClient(DfClientX.java:43)
	at com.emc.documentum.springdata.core.Documentum.<init>(Documentum.java:36)
	at com.emc.documentum.springdata.core.Documentum.<init>(Documentum.java:25)
	at com.emc.documentum.springdata.core.DocumentumTest.setUpBeforeClass(DocumentumTest.java:25)
	at sun.reflect.NativeMethodAccessorImpl.invoke0(Native Method)
	at sun.reflect.NativeMethodAccessorImpl.invoke(Unknown Source)
	at sun.reflect.DelegatingMethodAccessorImpl.invoke(Unknown Source)
	at java.lang.reflect.Method.invoke(Unknown Source)
	at org.junit.runners.model.FrameworkMethod$1.runReflectiveCall(FrameworkMethod.java:47)
	at org.junit.internal.runners.model.ReflectiveCallable.run(ReflectiveCallable.java:12)
	at org.junit.runners.model.FrameworkMethod.invokeExplosively(FrameworkMethod.java:44)
	at org.junit.internal.runners.statements.RunBefores.evaluate(RunBefores.java:24)
	at org.junit.internal.runners.statements.RunAfters.evaluate(RunAfters.java:27)
	at org.junit.runners.ParentRunner.run(ParentRunner.java:309)
	at org.eclipse.jdt.internal.junit4.runner.JUnit4TestReference.run(JUnit4TestReference.java:50)
	at org.eclipse.jdt.internal.junit.runner.TestExecution.run(TestExecution.java:38)
	at org.eclipse.jdt.internal.junit.runner.RemoteTestRunner.runTests(RemoteTestRunner.java:459)
	at org.eclipse.jdt.internal.junit.runner.RemoteTestRunner.runTests(RemoteTestRunner.java:675)
	at org.eclipse.jdt.internal.junit.runner.RemoteTestRunner.run(RemoteTestRunner.java:382)
	at org.eclipse.jdt.internal.junit.runner.RemoteTestRunner.main(RemoteTestRunner.java:192)
0 [main] ERROR com.documentum.fc.common.impl.logging.LoggingConfigurator  - Problem locating log4j configuration
1 [main] WARN com.documentum.fc.common.impl.logging.LoggingConfigurator  - Using default log4j configuration
411 [main] WARN com.documentum.fc.client.security.internal.RegistrationMgr  - [DFC_SECURITY_GR_PUBLICATION_FAILED] Publication of DFC instance with global registry failed
DfException:: THREAD: main; MSG: [DFC_BOF_GLOBAL_REGISTRY_NOT_CONFIGURED] A global registry is not configured; ERRORCODE: ff; NEXT: null
	at com.documentum.fc.client.security.impl.DfcIdentityPublisher.<init>(DfcIdentityPublisher.java:51)
	at com.documentum.fc.client.security.internal.RegistrationMgr.register(RegistrationMgr.java:34)
	at com.documentum.fc.impl.RuntimeContext.<clinit>(RuntimeContext.java:195)
	at com.documentum.fc.client.DfClient.<clinit>(DfClient.java:772)
	at com.documentum.com.DfClientX.getLocalClient(DfClientX.java:43)
	at com.emc.documentum.springdata.core.Documentum.<init>(Documentum.java:36)
	at com.emc.documentum.springdata.core.Documentum.<init>(Documentum.java:25)
	at com.emc.documentum.springdata.core.DocumentumTest.setUpBeforeClass(DocumentumTest.java:25)
	at sun.reflect.NativeMethodAccessorImpl.invoke0(Native Method)
	at sun.reflect.NativeMethodAccessorImpl.invoke(Unknown Source)
	at sun.reflect.DelegatingMethodAccessorImpl.invoke(Unknown Source)
	at java.lang.reflect.Method.invoke(Unknown Source)
	at org.junit.runners.model.FrameworkMethod$1.runReflectiveCall(FrameworkMethod.java:47)
	at org.junit.internal.runners.model.ReflectiveCallable.run(ReflectiveCallable.java:12)
	at org.junit.runners.model.FrameworkMethod.invokeExplosively(FrameworkMethod.java:44)
	at org.junit.internal.runners.statements.RunBefores.evaluate(RunBefores.java:24)
	at org.junit.internal.runners.statements.RunAfters.evaluate(RunAfters.java:27)
	at org.junit.runners.ParentRunner.run(ParentRunner.java:309)
	at org.eclipse.jdt.internal.junit4.runner.JUnit4TestReference.run(JUnit4TestReference.java:50)
	at org.eclipse.jdt.internal.junit.runner.TestExecution.run(TestExecution.java:38)
	at org.eclipse.jdt.internal.junit.runner.RemoteTestRunner.runTests(RemoteTestRunner.java:459)
	at org.eclipse.jdt.internal.junit.runner.RemoteTestRunner.runTests(RemoteTestRunner.java:675)
	at org.eclipse.jdt.internal.junit.runner.RemoteTestRunner.run(RemoteTestRunner.java:382)
	at org.eclipse.jdt.internal.junit.runner.RemoteTestRunner.main(RemoteTestRunner.java:192)
0 [main] ERROR com.documentum.fc.common.impl.logging.LoggingConfigurator  - Problem locating log4j configuration
1 [main] WARN com.documentum.fc.common.impl.logging.LoggingConfigurator  - Using default log4j configuration
434 [main] WARN com.documentum.fc.client.security.internal.RegistrationMgr  - [DFC_SECURITY_GR_PUBLICATION_FAILED] Publication of DFC instance with global registry failed
DfException:: THREAD: main; MSG: [DFC_BOF_GLOBAL_REGISTRY_NOT_CONFIGURED] A global registry is not configured; ERRORCODE: ff; NEXT: null
	at com.documentum.fc.client.security.impl.DfcIdentityPublisher.<init>(DfcIdentityPublisher.java:51)
	at com.documentum.fc.client.security.internal.RegistrationMgr.register(RegistrationMgr.java:34)
	at com.documentum.fc.impl.RuntimeContext.<clinit>(RuntimeContext.java:195)
	at com.documentum.fc.client.DfClient.<clinit>(DfClient.java:772)
	at com.documentum.com.DfClientX.getLocalClient(DfClientX.java:43)
	at com.emc.documentum.springdata.core.Documentum.<init>(Documentum.java:36)
	at com.emc.documentum.springdata.core.Documentum.<init>(Documentum.java:25)
	at com.emc.documentum.springdata.core.DocumentumTest.setUpBeforeClass(DocumentumTest.java:25)
	at sun.reflect.NativeMethodAccessorImpl.invoke0(Native Method)
	at sun.reflect.NativeMethodAccessorImpl.invoke(Unknown Source)
	at sun.reflect.DelegatingMethodAccessorImpl.invoke(Unknown Source)
	at java.lang.reflect.Method.invoke(Unknown Source)
	at org.junit.runners.model.FrameworkMethod$1.runReflectiveCall(FrameworkMethod.java:47)
	at org.junit.internal.runners.model.ReflectiveCallable.run(ReflectiveCallable.java:12)
	at org.junit.runners.model.FrameworkMethod.invokeExplosively(FrameworkMethod.java:44)
	at org.junit.internal.runners.statements.RunBefores.evaluate(RunBefores.java:24)
	at org.junit.internal.runners.statements.RunAfters.evaluate(RunAfters.java:27)
	at org.junit.runners.ParentRunner.run(ParentRunner.java:309)
	at org.eclipse.jdt.internal.junit4.runner.JUnit4TestReference.run(JUnit4TestReference.java:50)
	at org.eclipse.jdt.internal.junit.runner.TestExecution.run(TestExecution.java:38)
	at org.eclipse.jdt.internal.junit.runner.RemoteTestRunner.runTests(RemoteTestRunner.java:459)
	at org.eclipse.jdt.internal.junit.runner.RemoteTestRunner.runTests(RemoteTestRunner.java:675)
	at org.eclipse.jdt.internal.junit.runner.RemoteTestRunner.run(RemoteTestRunner.java:382)
	at org.eclipse.jdt.internal.junit.runner.RemoteTestRunner.main(RemoteTestRunner.java:192)
0 [main] ERROR com.documentum.fc.common.impl.logging.LoggingConfigurator  - Problem locating log4j configuration
1 [main] WARN com.documentum.fc.common.impl.logging.LoggingConfigurator  - Using default log4j configuration
413 [main] WARN com.documentum.fc.client.security.internal.RegistrationMgr  - [DFC_SECURITY_GR_PUBLICATION_FAILED] Publication of DFC instance with global registry failed
DfException:: THREAD: main; MSG: [DFC_BOF_GLOBAL_REGISTRY_NOT_CONFIGURED] A global registry is not configured; ERRORCODE: ff; NEXT: null
	at com.documentum.fc.client.security.impl.DfcIdentityPublisher.<init>(DfcIdentityPublisher.java:51)
	at com.documentum.fc.client.security.internal.RegistrationMgr.register(RegistrationMgr.java:34)
	at com.documentum.fc.impl.RuntimeContext.<clinit>(RuntimeContext.java:195)
	at com.documentum.fc.client.DfClient.<clinit>(DfClient.java:772)
	at com.documentum.com.DfClientX.getLocalClient(DfClientX.java:43)
	at com.emc.documentum.springdata.core.Documentum.<init>(Documentum.java:36)
	at com.emc.documentum.springdata.core.Documentum.<init>(Documentum.java:25)
	at com.emc.documentum.springdata.core.DocumentumTest.setUpBeforeClass(DocumentumTest.java:25)
	at sun.reflect.NativeMethodAccessorImpl.invoke0(Native Method)
	at sun.reflect.NativeMethodAccessorImpl.invoke(Unknown Source)
	at sun.reflect.DelegatingMethodAccessorImpl.invoke(Unknown Source)
	at java.lang.reflect.Method.invoke(Unknown Source)
	at org.junit.runners.model.FrameworkMethod$1.runReflectiveCall(FrameworkMethod.java:47)
	at org.junit.internal.runners.model.ReflectiveCallable.run(ReflectiveCallable.java:12)
	at org.junit.runners.model.FrameworkMethod.invokeExplosively(FrameworkMethod.java:44)
	at org.junit.internal.runners.statements.RunBefores.evaluate(RunBefores.java:24)
	at org.junit.internal.runners.statements.RunAfters.evaluate(RunAfters.java:27)
	at org.junit.runners.ParentRunner.run(ParentRunner.java:309)
	at org.eclipse.jdt.internal.junit4.runner.JUnit4TestReference.run(JUnit4TestReference.java:50)
	at org.eclipse.jdt.internal.junit.runner.TestExecution.run(TestExecution.java:38)
	at org.eclipse.jdt.internal.junit.runner.RemoteTestRunner.runTests(RemoteTestRunner.java:459)
	at org.eclipse.jdt.internal.junit.runner.RemoteTestRunner.runTests(RemoteTestRunner.java:675)
	at org.eclipse.jdt.internal.junit.runner.RemoteTestRunner.run(RemoteTestRunner.java:382)
	at org.eclipse.jdt.internal.junit.runner.RemoteTestRunner.main(RemoteTestRunner.java:192)
1 [main] ERROR com.documentum.fc.common.impl.logging.LoggingConfigurator  - Problem locating log4j configuration
2 [main] WARN com.documentum.fc.common.impl.logging.LoggingConfigurator  - Using default log4j configuration
384 [main] WARN com.documentum.fc.client.security.internal.RegistrationMgr  - [DFC_SECURITY_GR_PUBLICATION_FAILED] Publication of DFC instance with global registry failed
DfException:: THREAD: main; MSG: [DFC_BOF_GLOBAL_REGISTRY_NOT_CONFIGURED] A global registry is not configured; ERRORCODE: ff; NEXT: null
	at com.documentum.fc.client.security.impl.DfcIdentityPublisher.<init>(DfcIdentityPublisher.java:51)
	at com.documentum.fc.client.security.internal.RegistrationMgr.register(RegistrationMgr.java:34)
	at com.documentum.fc.impl.RuntimeContext.<clinit>(RuntimeContext.java:195)
	at com.documentum.fc.client.DfClient.<clinit>(DfClient.java:772)
	at com.documentum.com.DfClientX.getLocalClient(DfClientX.java:43)
	at com.emc.documentum.springdata.core.Documentum.<init>(Documentum.java:36)
	at com.emc.documentum.springdata.core.Documentum.<init>(Documentum.java:25)
	at com.emc.documentum.springdata.core.DocumentumTest.setUpBeforeClass(DocumentumTest.java:31)
	at sun.reflect.NativeMethodAccessorImpl.invoke0(Native Method)
	at sun.reflect.NativeMethodAccessorImpl.invoke(Unknown Source)
	at sun.reflect.DelegatingMethodAccessorImpl.invoke(Unknown Source)
	at java.lang.reflect.Method.invoke(Unknown Source)
	at org.junit.runners.model.FrameworkMethod$1.runReflectiveCall(FrameworkMethod.java:47)
	at org.junit.internal.runners.model.ReflectiveCallable.run(ReflectiveCallable.java:12)
	at org.junit.runners.model.FrameworkMethod.invokeExplosively(FrameworkMethod.java:44)
	at org.junit.internal.runners.statements.RunBefores.evaluate(RunBefores.java:24)
	at org.junit.internal.runners.statements.RunAfters.evaluate(RunAfters.java:27)
	at org.junit.runners.ParentRunner.run(ParentRunner.java:309)
	at org.eclipse.jdt.internal.junit4.runner.JUnit4TestReference.run(JUnit4TestReference.java:50)
	at org.eclipse.jdt.internal.junit.runner.TestExecution.run(TestExecution.java:38)
	at org.eclipse.jdt.internal.junit.runner.RemoteTestRunner.runTests(RemoteTestRunner.java:459)
	at org.eclipse.jdt.internal.junit.runner.RemoteTestRunner.runTests(RemoteTestRunner.java:675)
	at org.eclipse.jdt.internal.junit.runner.RemoteTestRunner.run(RemoteTestRunner.java:382)
	at org.eclipse.jdt.internal.junit.runner.RemoteTestRunner.main(RemoteTestRunner.java:192)
0 [main] ERROR com.documentum.fc.common.impl.logging.LoggingConfigurator  - Problem locating log4j configuration
1 [main] WARN com.documentum.fc.common.impl.logging.LoggingConfigurator  - Using default log4j configuration
394 [main] WARN com.documentum.fc.client.security.internal.RegistrationMgr  - [DFC_SECURITY_GR_PUBLICATION_FAILED] Publication of DFC instance with global registry failed
DfException:: THREAD: main; MSG: [DFC_BOF_GLOBAL_REGISTRY_NOT_CONFIGURED] A global registry is not configured; ERRORCODE: ff; NEXT: null
	at com.documentum.fc.client.security.impl.DfcIdentityPublisher.<init>(DfcIdentityPublisher.java:51)
	at com.documentum.fc.client.security.internal.RegistrationMgr.register(RegistrationMgr.java:34)
	at com.documentum.fc.impl.RuntimeContext.<clinit>(RuntimeContext.java:195)
	at com.documentum.fc.client.DfClient.<clinit>(DfClient.java:772)
	at com.documentum.com.DfClientX.getLocalClient(DfClientX.java:43)
	at com.emc.documentum.springdata.core.Documentum.<init>(Documentum.java:36)
	at com.emc.documentum.springdata.core.Documentum.<init>(Documentum.java:25)
	at com.emc.documentum.springdata.core.DocumentumTest.setUpBeforeClass(DocumentumTest.java:31)
	at sun.reflect.NativeMethodAccessorImpl.invoke0(Native Method)
	at sun.reflect.NativeMethodAccessorImpl.invoke(Unknown Source)
	at sun.reflect.DelegatingMethodAccessorImpl.invoke(Unknown Source)
	at java.lang.reflect.Method.invoke(Unknown Source)
	at org.junit.runners.model.FrameworkMethod$1.runReflectiveCall(FrameworkMethod.java:47)
	at org.junit.internal.runners.model.ReflectiveCallable.run(ReflectiveCallable.java:12)
	at org.junit.runners.model.FrameworkMethod.invokeExplosively(FrameworkMethod.java:44)
	at org.junit.internal.runners.statements.RunBefores.evaluate(RunBefores.java:24)
	at org.junit.internal.runners.statements.RunAfters.evaluate(RunAfters.java:27)
	at org.junit.runners.ParentRunner.run(ParentRunner.java:309)
	at org.eclipse.jdt.internal.junit4.runner.JUnit4TestReference.run(JUnit4TestReference.java:50)
	at org.eclipse.jdt.internal.junit.runner.TestExecution.run(TestExecution.java:38)
	at org.eclipse.jdt.internal.junit.runner.RemoteTestRunner.runTests(RemoteTestRunner.java:459)
	at org.eclipse.jdt.internal.junit.runner.RemoteTestRunner.runTests(RemoteTestRunner.java:675)
	at org.eclipse.jdt.internal.junit.runner.RemoteTestRunner.run(RemoteTestRunner.java:382)
	at org.eclipse.jdt.internal.junit.runner.RemoteTestRunner.main(RemoteTestRunner.java:192)
0 [main] ERROR com.documentum.fc.common.impl.logging.LoggingConfigurator  - Problem locating log4j configuration
1 [main] WARN com.documentum.fc.common.impl.logging.LoggingConfigurator  - Using default log4j configuration
406 [main] WARN com.documentum.fc.client.security.internal.RegistrationMgr  - [DFC_SECURITY_GR_PUBLICATION_FAILED] Publication of DFC instance with global registry failed
DfException:: THREAD: main; MSG: [DFC_BOF_GLOBAL_REGISTRY_NOT_CONFIGURED] A global registry is not configured; ERRORCODE: ff; NEXT: null
	at com.documentum.fc.client.security.impl.DfcIdentityPublisher.<init>(DfcIdentityPublisher.java:51)
	at com.documentum.fc.client.security.internal.RegistrationMgr.register(RegistrationMgr.java:34)
	at com.documentum.fc.impl.RuntimeContext.<clinit>(RuntimeContext.java:195)
	at com.documentum.fc.client.DfClient.<clinit>(DfClient.java:772)
	at com.documentum.com.DfClientX.getLocalClient(DfClientX.java:43)
	at com.emc.documentum.springdata.core.Documentum.<init>(Documentum.java:36)
	at com.emc.documentum.springdata.core.Documentum.<init>(Documentum.java:25)
	at com.emc.documentum.springdata.core.DocumentumTest.setUpBeforeClass(DocumentumTest.java:31)
	at sun.reflect.NativeMethodAccessorImpl.invoke0(Native Method)
	at sun.reflect.NativeMethodAccessorImpl.invoke(Unknown Source)
	at sun.reflect.DelegatingMethodAccessorImpl.invoke(Unknown Source)
	at java.lang.reflect.Method.invoke(Unknown Source)
	at org.junit.runners.model.FrameworkMethod$1.runReflectiveCall(FrameworkMethod.java:47)
	at org.junit.internal.runners.model.ReflectiveCallable.run(ReflectiveCallable.java:12)
	at org.junit.runners.model.FrameworkMethod.invokeExplosively(FrameworkMethod.java:44)
	at org.junit.internal.runners.statements.RunBefores.evaluate(RunBefores.java:24)
	at org.junit.internal.runners.statements.RunAfters.evaluate(RunAfters.java:27)
	at org.junit.runners.ParentRunner.run(ParentRunner.java:309)
	at org.eclipse.jdt.internal.junit4.runner.JUnit4TestReference.run(JUnit4TestReference.java:50)
	at org.eclipse.jdt.internal.junit.runner.TestExecution.run(TestExecution.java:38)
	at org.eclipse.jdt.internal.junit.runner.RemoteTestRunner.runTests(RemoteTestRunner.java:459)
	at org.eclipse.jdt.internal.junit.runner.RemoteTestRunner.runTests(RemoteTestRunner.java:675)
	at org.eclipse.jdt.internal.junit.runner.RemoteTestRunner.run(RemoteTestRunner.java:382)
	at org.eclipse.jdt.internal.junit.runner.RemoteTestRunner.main(RemoteTestRunner.java:192)
0 [main] ERROR com.documentum.fc.common.impl.logging.LoggingConfigurator  - Problem locating log4j configuration
1 [main] WARN com.documentum.fc.common.impl.logging.LoggingConfigurator  - Using default log4j configuration
390 [main] WARN com.documentum.fc.client.security.internal.RegistrationMgr  - [DFC_SECURITY_GR_PUBLICATION_FAILED] Publication of DFC instance with global registry failed
DfException:: THREAD: main; MSG: [DFC_BOF_GLOBAL_REGISTRY_NOT_CONFIGURED] A global registry is not configured; ERRORCODE: ff; NEXT: null
	at com.documentum.fc.client.security.impl.DfcIdentityPublisher.<init>(DfcIdentityPublisher.java:51)
	at com.documentum.fc.client.security.internal.RegistrationMgr.register(RegistrationMgr.java:34)
	at com.documentum.fc.impl.RuntimeContext.<clinit>(RuntimeContext.java:195)
	at com.documentum.fc.client.DfClient.<clinit>(DfClient.java:772)
	at com.documentum.com.DfClientX.getLocalClient(DfClientX.java:43)
	at com.emc.documentum.springdata.core.Documentum.<init>(Documentum.java:36)
	at com.emc.documentum.springdata.core.Documentum.<init>(Documentum.java:25)
	at com.emc.documentum.springdata.core.DocumentumTest.setUpBeforeClass(DocumentumTest.java:31)
	at sun.reflect.NativeMethodAccessorImpl.invoke0(Native Method)
	at sun.reflect.NativeMethodAccessorImpl.invoke(Unknown Source)
	at sun.reflect.DelegatingMethodAccessorImpl.invoke(Unknown Source)
	at java.lang.reflect.Method.invoke(Unknown Source)
	at org.junit.runners.model.FrameworkMethod$1.runReflectiveCall(FrameworkMethod.java:47)
	at org.junit.internal.runners.model.ReflectiveCallable.run(ReflectiveCallable.java:12)
	at org.junit.runners.model.FrameworkMethod.invokeExplosively(FrameworkMethod.java:44)
	at org.junit.internal.runners.statements.RunBefores.evaluate(RunBefores.java:24)
	at org.junit.internal.runners.statements.RunAfters.evaluate(RunAfters.java:27)
	at org.junit.runners.ParentRunner.run(ParentRunner.java:309)
	at org.eclipse.jdt.internal.junit4.runner.JUnit4TestReference.run(JUnit4TestReference.java:50)
	at org.eclipse.jdt.internal.junit.runner.TestExecution.run(TestExecution.java:38)
	at org.eclipse.jdt.internal.junit.runner.RemoteTestRunner.runTests(RemoteTestRunner.java:459)
	at org.eclipse.jdt.internal.junit.runner.RemoteTestRunner.runTests(RemoteTestRunner.java:675)
	at org.eclipse.jdt.internal.junit.runner.RemoteTestRunner.run(RemoteTestRunner.java:382)
	at org.eclipse.jdt.internal.junit.runner.RemoteTestRunner.main(RemoteTestRunner.java:192)
0 [main] ERROR com.documentum.fc.common.impl.logging.LoggingConfigurator  - Problem locating log4j configuration
1 [main] WARN com.documentum.fc.common.impl.logging.LoggingConfigurator  - Using default log4j configuration
416 [main] WARN com.documentum.fc.client.security.internal.RegistrationMgr  - [DFC_SECURITY_GR_PUBLICATION_FAILED] Publication of DFC instance with global registry failed
DfException:: THREAD: main; MSG: [DFC_BOF_GLOBAL_REGISTRY_NOT_CONFIGURED] A global registry is not configured; ERRORCODE: ff; NEXT: null
	at com.documentum.fc.client.security.impl.DfcIdentityPublisher.<init>(DfcIdentityPublisher.java:51)
	at com.documentum.fc.client.security.internal.RegistrationMgr.register(RegistrationMgr.java:34)
	at com.documentum.fc.impl.RuntimeContext.<clinit>(RuntimeContext.java:195)
	at com.documentum.fc.client.DfClient.<clinit>(DfClient.java:772)
	at com.documentum.com.DfClientX.getLocalClient(DfClientX.java:43)
	at com.emc.documentum.springdata.core.Documentum.<init>(Documentum.java:36)
	at com.emc.documentum.springdata.core.Documentum.<init>(Documentum.java:25)
	at com.emc.documentum.springdata.core.Documentum.main(Documentum.java:71)
0 [main] ERROR com.documentum.fc.common.impl.logging.LoggingConfigurator  - Problem locating log4j configuration
1 [main] WARN com.documentum.fc.common.impl.logging.LoggingConfigurator  - Using default log4j configuration
390 [main] WARN com.documentum.fc.client.security.internal.RegistrationMgr  - [DFC_SECURITY_GR_PUBLICATION_FAILED] Publication of DFC instance with global registry failed
DfException:: THREAD: main; MSG: [DFC_BOF_GLOBAL_REGISTRY_NOT_CONFIGURED] A global registry is not configured; ERRORCODE: ff; NEXT: null
	at com.documentum.fc.client.security.impl.DfcIdentityPublisher.<init>(DfcIdentityPublisher.java:51)
	at com.documentum.fc.client.security.internal.RegistrationMgr.register(RegistrationMgr.java:34)
	at com.documentum.fc.impl.RuntimeContext.<clinit>(RuntimeContext.java:195)
	at com.documentum.fc.client.DfClient.<clinit>(DfClient.java:772)
	at com.documentum.com.DfClientX.getLocalClient(DfClientX.java:43)
	at com.emc.documentum.springdata.core.Documentum.<init>(Documentum.java:36)
	at com.emc.documentum.springdata.core.Documentum.<init>(Documentum.java:25)
	at com.emc.documentum.springdata.core.DocumentumTest.setUpBeforeClass(DocumentumTest.java:32)
	at sun.reflect.NativeMethodAccessorImpl.invoke0(Native Method)
	at sun.reflect.NativeMethodAccessorImpl.invoke(Unknown Source)
	at sun.reflect.DelegatingMethodAccessorImpl.invoke(Unknown Source)
	at java.lang.reflect.Method.invoke(Unknown Source)
	at org.junit.runners.model.FrameworkMethod$1.runReflectiveCall(FrameworkMethod.java:47)
	at org.junit.internal.runners.model.ReflectiveCallable.run(ReflectiveCallable.java:12)
	at org.junit.runners.model.FrameworkMethod.invokeExplosively(FrameworkMethod.java:44)
	at org.junit.internal.runners.statements.RunBefores.evaluate(RunBefores.java:24)
	at org.junit.internal.runners.statements.RunAfters.evaluate(RunAfters.java:27)
	at org.junit.runners.ParentRunner.run(ParentRunner.java:309)
	at org.eclipse.jdt.internal.junit4.runner.JUnit4TestReference.run(JUnit4TestReference.java:50)
	at org.eclipse.jdt.internal.junit.runner.TestExecution.run(TestExecution.java:38)
	at org.eclipse.jdt.internal.junit.runner.RemoteTestRunner.runTests(RemoteTestRunner.java:459)
	at org.eclipse.jdt.internal.junit.runner.RemoteTestRunner.runTests(RemoteTestRunner.java:675)
	at org.eclipse.jdt.internal.junit.runner.RemoteTestRunner.run(RemoteTestRunner.java:382)
	at org.eclipse.jdt.internal.junit.runner.RemoteTestRunner.main(RemoteTestRunner.java:192)
0 [main] ERROR com.documentum.fc.common.impl.logging.LoggingConfigurator  - Problem locating log4j configuration
1 [main] WARN com.documentum.fc.common.impl.logging.LoggingConfigurator  - Using default log4j configuration
404 [main] WARN com.documentum.fc.client.security.internal.RegistrationMgr  - [DFC_SECURITY_GR_PUBLICATION_FAILED] Publication of DFC instance with global registry failed
DfException:: THREAD: main; MSG: [DFC_BOF_GLOBAL_REGISTRY_NOT_CONFIGURED] A global registry is not configured; ERRORCODE: ff; NEXT: null
	at com.documentum.fc.client.security.impl.DfcIdentityPublisher.<init>(DfcIdentityPublisher.java:51)
	at com.documentum.fc.client.security.internal.RegistrationMgr.register(RegistrationMgr.java:34)
	at com.documentum.fc.impl.RuntimeContext.<clinit>(RuntimeContext.java:195)
	at com.documentum.fc.client.DfClient.<clinit>(DfClient.java:772)
	at com.documentum.com.DfClientX.getLocalClient(DfClientX.java:43)
	at com.emc.documentum.springdata.core.Documentum.<init>(Documentum.java:36)
	at com.emc.documentum.springdata.core.Documentum.<init>(Documentum.java:25)
	at com.emc.documentum.springdata.core.DocumentumTest.setUpBeforeClass(DocumentumTest.java:32)
	at sun.reflect.NativeMethodAccessorImpl.invoke0(Native Method)
	at sun.reflect.NativeMethodAccessorImpl.invoke(Unknown Source)
	at sun.reflect.DelegatingMethodAccessorImpl.invoke(Unknown Source)
	at java.lang.reflect.Method.invoke(Unknown Source)
	at org.junit.runners.model.FrameworkMethod$1.runReflectiveCall(FrameworkMethod.java:47)
	at org.junit.internal.runners.model.ReflectiveCallable.run(ReflectiveCallable.java:12)
	at org.junit.runners.model.FrameworkMethod.invokeExplosively(FrameworkMethod.java:44)
	at org.junit.internal.runners.statements.RunBefores.evaluate(RunBefores.java:24)
	at org.junit.internal.runners.statements.RunAfters.evaluate(RunAfters.java:27)
	at org.junit.runners.ParentRunner.run(ParentRunner.java:309)
	at org.eclipse.jdt.internal.junit4.runner.JUnit4TestReference.run(JUnit4TestReference.java:50)
	at org.eclipse.jdt.internal.junit.runner.TestExecution.run(TestExecution.java:38)
	at org.eclipse.jdt.internal.junit.runner.RemoteTestRunner.runTests(RemoteTestRunner.java:459)
	at org.eclipse.jdt.internal.junit.runner.RemoteTestRunner.runTests(RemoteTestRunner.java:675)
	at org.eclipse.jdt.internal.junit.runner.RemoteTestRunner.run(RemoteTestRunner.java:382)
	at org.eclipse.jdt.internal.junit.runner.RemoteTestRunner.main(RemoteTestRunner.java:192)
1 [main] ERROR com.documentum.fc.common.impl.logging.LoggingConfigurator  - Problem locating log4j configuration
1 [main] WARN com.documentum.fc.common.impl.logging.LoggingConfigurator  - Using default log4j configuration
419 [main] WARN com.documentum.fc.client.security.internal.RegistrationMgr  - [DFC_SECURITY_GR_PUBLICATION_FAILED] Publication of DFC instance with global registry failed
DfException:: THREAD: main; MSG: [DFC_BOF_GLOBAL_REGISTRY_NOT_CONFIGURED] A global registry is not configured; ERRORCODE: ff; NEXT: null
	at com.documentum.fc.client.security.impl.DfcIdentityPublisher.<init>(DfcIdentityPublisher.java:51)
	at com.documentum.fc.client.security.internal.RegistrationMgr.register(RegistrationMgr.java:34)
	at com.documentum.fc.impl.RuntimeContext.<clinit>(RuntimeContext.java:195)
	at com.documentum.fc.client.DfClient.<clinit>(DfClient.java:772)
	at com.documentum.com.DfClientX.getLocalClient(DfClientX.java:43)
	at com.emc.documentum.springdata.core.Documentum.<init>(Documentum.java:36)
	at com.emc.documentum.springdata.core.Documentum.<init>(Documentum.java:25)
	at com.emc.documentum.springdata.core.DocumentumTest.setUpBeforeClass(DocumentumTest.java:32)
	at sun.reflect.NativeMethodAccessorImpl.invoke0(Native Method)
	at sun.reflect.NativeMethodAccessorImpl.invoke(Unknown Source)
	at sun.reflect.DelegatingMethodAccessorImpl.invoke(Unknown Source)
	at java.lang.reflect.Method.invoke(Unknown Source)
	at org.junit.runners.model.FrameworkMethod$1.runReflectiveCall(FrameworkMethod.java:47)
	at org.junit.internal.runners.model.ReflectiveCallable.run(ReflectiveCallable.java:12)
	at org.junit.runners.model.FrameworkMethod.invokeExplosively(FrameworkMethod.java:44)
	at org.junit.internal.runners.statements.RunBefores.evaluate(RunBefores.java:24)
	at org.junit.internal.runners.statements.RunAfters.evaluate(RunAfters.java:27)
	at org.junit.runners.ParentRunner.run(ParentRunner.java:309)
	at org.eclipse.jdt.internal.junit4.runner.JUnit4TestReference.run(JUnit4TestReference.java:50)
	at org.eclipse.jdt.internal.junit.runner.TestExecution.run(TestExecution.java:38)
	at org.eclipse.jdt.internal.junit.runner.RemoteTestRunner.runTests(RemoteTestRunner.java:459)
	at org.eclipse.jdt.internal.junit.runner.RemoteTestRunner.runTests(RemoteTestRunner.java:675)
	at org.eclipse.jdt.internal.junit.runner.RemoteTestRunner.run(RemoteTestRunner.java:382)
	at org.eclipse.jdt.internal.junit.runner.RemoteTestRunner.main(RemoteTestRunner.java:192)
0 [main] ERROR com.documentum.fc.common.impl.logging.LoggingConfigurator  - Problem locating log4j configuration
1 [main] WARN com.documentum.fc.common.impl.logging.LoggingConfigurator  - Using default log4j configuration
411 [main] WARN com.documentum.fc.client.security.internal.RegistrationMgr  - [DFC_SECURITY_GR_PUBLICATION_FAILED] Publication of DFC instance with global registry failed
DfException:: THREAD: main; MSG: [DFC_BOF_GLOBAL_REGISTRY_NOT_CONFIGURED] A global registry is not configured; ERRORCODE: ff; NEXT: null
	at com.documentum.fc.client.security.impl.DfcIdentityPublisher.<init>(DfcIdentityPublisher.java:51)
	at com.documentum.fc.client.security.internal.RegistrationMgr.register(RegistrationMgr.java:34)
	at com.documentum.fc.impl.RuntimeContext.<clinit>(RuntimeContext.java:195)
	at com.documentum.fc.client.DfClient.<clinit>(DfClient.java:772)
	at com.documentum.com.DfClientX.getLocalClient(DfClientX.java:43)
	at com.emc.documentum.springdata.core.Documentum.<init>(Documentum.java:36)
	at com.emc.documentum.springdata.core.Documentum.<init>(Documentum.java:25)
	at com.emc.documentum.springdata.core.DocumentumTest.setUpBeforeClass(DocumentumTest.java:32)
	at sun.reflect.NativeMethodAccessorImpl.invoke0(Native Method)
	at sun.reflect.NativeMethodAccessorImpl.invoke(Unknown Source)
	at sun.reflect.DelegatingMethodAccessorImpl.invoke(Unknown Source)
	at java.lang.reflect.Method.invoke(Unknown Source)
	at org.junit.runners.model.FrameworkMethod$1.runReflectiveCall(FrameworkMethod.java:47)
	at org.junit.internal.runners.model.ReflectiveCallable.run(ReflectiveCallable.java:12)
	at org.junit.runners.model.FrameworkMethod.invokeExplosively(FrameworkMethod.java:44)
	at org.junit.internal.runners.statements.RunBefores.evaluate(RunBefores.java:24)
	at org.junit.internal.runners.statements.RunAfters.evaluate(RunAfters.java:27)
	at org.junit.runners.ParentRunner.run(ParentRunner.java:309)
	at org.eclipse.jdt.internal.junit4.runner.JUnit4TestReference.run(JUnit4TestReference.java:50)
	at org.eclipse.jdt.internal.junit.runner.TestExecution.run(TestExecution.java:38)
	at org.eclipse.jdt.internal.junit.runner.RemoteTestRunner.runTests(RemoteTestRunner.java:459)
	at org.eclipse.jdt.internal.junit.runner.RemoteTestRunner.runTests(RemoteTestRunner.java:675)
	at org.eclipse.jdt.internal.junit.runner.RemoteTestRunner.run(RemoteTestRunner.java:382)
	at org.eclipse.jdt.internal.junit.runner.RemoteTestRunner.main(RemoteTestRunner.java:192)
1 [main] ERROR com.documentum.fc.common.impl.logging.LoggingConfigurator  - Problem locating log4j configuration
2 [main] WARN com.documentum.fc.common.impl.logging.LoggingConfigurator  - Using default log4j configuration
398 [main] WARN com.documentum.fc.client.security.internal.RegistrationMgr  - [DFC_SECURITY_GR_PUBLICATION_FAILED] Publication of DFC instance with global registry failed
DfException:: THREAD: main; MSG: [DFC_BOF_GLOBAL_REGISTRY_NOT_CONFIGURED] A global registry is not configured; ERRORCODE: ff; NEXT: null
	at com.documentum.fc.client.security.impl.DfcIdentityPublisher.<init>(DfcIdentityPublisher.java:51)
	at com.documentum.fc.client.security.internal.RegistrationMgr.register(RegistrationMgr.java:34)
	at com.documentum.fc.impl.RuntimeContext.<clinit>(RuntimeContext.java:195)
	at com.documentum.fc.client.DfClient.<clinit>(DfClient.java:772)
	at com.documentum.com.DfClientX.getLocalClient(DfClientX.java:43)
	at com.emc.documentum.springdata.core.Documentum.<init>(Documentum.java:36)
	at com.emc.documentum.springdata.core.Documentum.<init>(Documentum.java:25)
	at com.emc.documentum.springdata.core.tests.DocumentumTest.setUpBeforeClass(DocumentumTest.java:31)
	at sun.reflect.NativeMethodAccessorImpl.invoke0(Native Method)
	at sun.reflect.NativeMethodAccessorImpl.invoke(Unknown Source)
	at sun.reflect.DelegatingMethodAccessorImpl.invoke(Unknown Source)
	at java.lang.reflect.Method.invoke(Unknown Source)
	at org.junit.runners.model.FrameworkMethod$1.runReflectiveCall(FrameworkMethod.java:47)
	at org.junit.internal.runners.model.ReflectiveCallable.run(ReflectiveCallable.java:12)
	at org.junit.runners.model.FrameworkMethod.invokeExplosively(FrameworkMethod.java:44)
	at org.junit.internal.runners.statements.RunBefores.evaluate(RunBefores.java:24)
	at org.junit.internal.runners.statements.RunAfters.evaluate(RunAfters.java:27)
	at org.junit.runners.ParentRunner.run(ParentRunner.java:309)
	at org.eclipse.jdt.internal.junit4.runner.JUnit4TestReference.run(JUnit4TestReference.java:50)
	at org.eclipse.jdt.internal.junit.runner.TestExecution.run(TestExecution.java:38)
	at org.eclipse.jdt.internal.junit.runner.RemoteTestRunner.runTests(RemoteTestRunner.java:459)
	at org.eclipse.jdt.internal.junit.runner.RemoteTestRunner.runTests(RemoteTestRunner.java:675)
	at org.eclipse.jdt.internal.junit.runner.RemoteTestRunner.run(RemoteTestRunner.java:382)
	at org.eclipse.jdt.internal.junit.runner.RemoteTestRunner.main(RemoteTestRunner.java:192)
0 [main] ERROR com.documentum.fc.common.impl.logging.LoggingConfigurator  - Problem locating log4j configuration
2 [main] WARN com.documentum.fc.common.impl.logging.LoggingConfigurator  - Using default log4j configuration
410 [main] WARN com.documentum.fc.client.security.internal.RegistrationMgr  - [DFC_SECURITY_GR_PUBLICATION_FAILED] Publication of DFC instance with global registry failed
DfException:: THREAD: main; MSG: [DFC_BOF_GLOBAL_REGISTRY_NOT_CONFIGURED] A global registry is not configured; ERRORCODE: ff; NEXT: null
	at com.documentum.fc.client.security.impl.DfcIdentityPublisher.<init>(DfcIdentityPublisher.java:51)
	at com.documentum.fc.client.security.internal.RegistrationMgr.register(RegistrationMgr.java:34)
	at com.documentum.fc.impl.RuntimeContext.<clinit>(RuntimeContext.java:195)
	at com.documentum.fc.client.DfClient.<clinit>(DfClient.java:772)
	at com.documentum.com.DfClientX.getLocalClient(DfClientX.java:43)
	at com.emc.documentum.springdata.core.Documentum.<init>(Documentum.java:36)
	at com.emc.documentum.springdata.core.Documentum.<init>(Documentum.java:25)
	at com.emc.documentum.springdata.core.tests.DocumentumTest.setUpBeforeClass(DocumentumTest.java:31)
	at sun.reflect.NativeMethodAccessorImpl.invoke0(Native Method)
	at sun.reflect.NativeMethodAccessorImpl.invoke(Unknown Source)
	at sun.reflect.DelegatingMethodAccessorImpl.invoke(Unknown Source)
	at java.lang.reflect.Method.invoke(Unknown Source)
	at org.junit.runners.model.FrameworkMethod$1.runReflectiveCall(FrameworkMethod.java:47)
	at org.junit.internal.runners.model.ReflectiveCallable.run(ReflectiveCallable.java:12)
	at org.junit.runners.model.FrameworkMethod.invokeExplosively(FrameworkMethod.java:44)
	at org.junit.internal.runners.statements.RunBefores.evaluate(RunBefores.java:24)
	at org.junit.internal.runners.statements.RunAfters.evaluate(RunAfters.java:27)
	at org.junit.runners.ParentRunner.run(ParentRunner.java:309)
	at org.eclipse.jdt.internal.junit4.runner.JUnit4TestReference.run(JUnit4TestReference.java:50)
	at org.eclipse.jdt.internal.junit.runner.TestExecution.run(TestExecution.java:38)
	at org.eclipse.jdt.internal.junit.runner.RemoteTestRunner.runTests(RemoteTestRunner.java:459)
	at org.eclipse.jdt.internal.junit.runner.RemoteTestRunner.runTests(RemoteTestRunner.java:675)
	at org.eclipse.jdt.internal.junit.runner.RemoteTestRunner.run(RemoteTestRunner.java:382)
	at org.eclipse.jdt.internal.junit.runner.RemoteTestRunner.main(RemoteTestRunner.java:192)
